/*C1*/SET SCHEMA PUBLIC
CONNECT USER BASTA
/*C2*/SET SCHEMA PUBLIC
CONNECT USER BASTA
/*C3*/SET SCHEMA PUBLIC
CONNECT USER BASTA
/*C4*/SET SCHEMA PUBLIC
CONNECT USER BASTA
/*C5*/SET SCHEMA PUBLIC
CONNECT USER BASTA
/*C6*/SET SCHEMA PUBLIC
CONNECT USER BASTA
SET AUTOCOMMIT FALSE
/*C1*/SET AUTOCOMMIT FALSE
SET AUTOCOMMIT TRUE
/*C2*/SET AUTOCOMMIT FALSE
SET AUTOCOMMIT TRUE
/*C3*/SET AUTOCOMMIT FALSE
SET AUTOCOMMIT TRUE
/*C4*/SET AUTOCOMMIT FALSE
SET AUTOCOMMIT TRUE
/*C5*/SET AUTOCOMMIT FALSE
SET AUTOCOMMIT TRUE
/*C1*/SET AUTOCOMMIT FALSE
SET AUTOCOMMIT TRUE
/*C2*/SET AUTOCOMMIT FALSE
SET AUTOCOMMIT TRUE
/*C3*/SET AUTOCOMMIT FALSE
SET AUTOCOMMIT TRUE
/*C4*/SET AUTOCOMMIT FALSE
SET AUTOCOMMIT TRUE
/*C5*/SET AUTOCOMMIT FALSE
SET AUTOCOMMIT TRUE
/*C1*/DISCONNECT
/*C2*/DISCONNECT
/*C3*/DISCONNECT
/*C4*/DISCONNECT
/*C5*/DISCONNECT
/*C6*/SET AUTOCOMMIT TRUE
/*C7*/SET SCHEMA PUBLIC
CONNECT USER BASTA
/*C8*/SET SCHEMA PUBLIC
CONNECT USER BASTA
/*C9*/SET SCHEMA PUBLIC
CONNECT USER BASTA
/*C10*/SET SCHEMA PUBLIC
CONNECT USER BASTA
/*C11*/SET SCHEMA PUBLIC
CONNECT USER BASTA
/*C6*/SET AUTOCOMMIT FALSE
/*C7*/SET AUTOCOMMIT FALSE
SET AUTOCOMMIT TRUE
/*C8*/SET AUTOCOMMIT FALSE
SET AUTOCOMMIT TRUE
/*C9*/SET AUTOCOMMIT FALSE
SET AUTOCOMMIT TRUE
/*C10*/SET AUTOCOMMIT FALSE
SET AUTOCOMMIT TRUE
/*C11*/SET AUTOCOMMIT FALSE
SET AUTOCOMMIT TRUE
/*C7*/DISCONNECT
/*C8*/DISCONNECT
/*C9*/DISCONNECT
/*C10*/DISCONNECT
/*C11*/DISCONNECT
/*C6*/SET AUTOCOMMIT TRUE
/*C12*/SET SCHEMA PUBLIC
CONNECT USER BASTA
/*C13*/SET SCHEMA PUBLIC
CONNECT USER BASTA
/*C14*/SET SCHEMA PUBLIC
CONNECT USER BASTA
/*C15*/SET SCHEMA PUBLIC
CONNECT USER BASTA
/*C16*/SET SCHEMA PUBLIC
CONNECT USER BASTA
/*C6*/SET AUTOCOMMIT FALSE
/*C12*/SET AUTOCOMMIT FALSE
SET AUTOCOMMIT TRUE
/*C13*/SET AUTOCOMMIT FALSE
SET AUTOCOMMIT TRUE
/*C14*/SET AUTOCOMMIT FALSE
SET AUTOCOMMIT TRUE
/*C15*/SET AUTOCOMMIT FALSE
SET AUTOCOMMIT TRUE
/*C16*/SET AUTOCOMMIT FALSE
SET AUTOCOMMIT TRUE
/*C17*/SET SCHEMA PUBLIC
CONNECT USER BASTA
SET AUTOCOMMIT FALSE
SET AUTOCOMMIT TRUE
/*C16*/DISCONNECT
/*C17*/DISCONNECT
/*C12*/DISCONNECT
/*C13*/DISCONNECT
/*C14*/DISCONNECT
/*C15*/DISCONNECT
/*C6*/SET AUTOCOMMIT TRUE
SET AUTOCOMMIT FALSE
/*C18*/SET SCHEMA PUBLIC
CONNECT USER BASTA
SET AUTOCOMMIT FALSE
SET AUTOCOMMIT TRUE
DISCONNECT
/*C6*/SET AUTOCOMMIT TRUE
/*C19*/SET SCHEMA PUBLIC
CONNECT USER BASTA
/*C20*/SET SCHEMA PUBLIC
CONNECT USER BASTA
/*C21*/SET SCHEMA PUBLIC
CONNECT USER BASTA
/*C22*/SET SCHEMA PUBLIC
CONNECT USER BASTA
/*C23*/SET SCHEMA PUBLIC
CONNECT USER BASTA
/*C6*/SET AUTOCOMMIT FALSE
/*C19*/SET AUTOCOMMIT FALSE
SET AUTOCOMMIT TRUE
/*C20*/DISCONNECT
/*C21*/DISCONNECT
/*C22*/DISCONNECT
/*C23*/DISCONNECT
/*C19*/DISCONNECT
/*C6*/SET AUTOCOMMIT TRUE
/*C24*/SET SCHEMA PUBLIC
CONNECT USER BASTA
/*C25*/SET SCHEMA PUBLIC
CONNECT USER BASTA
/*C26*/SET SCHEMA PUBLIC
CONNECT USER BASTA
/*C27*/SET SCHEMA PUBLIC
CONNECT USER BASTA
/*C28*/SET SCHEMA PUBLIC
CONNECT USER BASTA
/*C6*/SET AUTOCOMMIT FALSE
/*C24*/SET AUTOCOMMIT FALSE
SET AUTOCOMMIT TRUE
/*C25*/DISCONNECT
/*C26*/DISCONNECT
/*C27*/DISCONNECT
/*C28*/DISCONNECT
/*C24*/DISCONNECT
/*C6*/SET AUTOCOMMIT TRUE
/*C29*/SET SCHEMA PUBLIC
CONNECT USER BASTA
/*C30*/SET SCHEMA PUBLIC
CONNECT USER BASTA
/*C31*/SET SCHEMA PUBLIC
CONNECT USER BASTA
/*C32*/SET SCHEMA PUBLIC
CONNECT USER BASTA
/*C33*/SET SCHEMA PUBLIC
CONNECT USER BASTA
/*C6*/SET AUTOCOMMIT FALSE
/*C29*/SET AUTOCOMMIT FALSE
SET AUTOCOMMIT TRUE
/*C30*/DISCONNECT
/*C31*/DISCONNECT
/*C32*/DISCONNECT
/*C33*/DISCONNECT
/*C29*/DISCONNECT
/*C6*/SET AUTOCOMMIT TRUE
/*C34*/SET SCHEMA PUBLIC
CONNECT USER BASTA
/*C35*/SET SCHEMA PUBLIC
CONNECT USER BASTA
/*C36*/SET SCHEMA PUBLIC
CONNECT USER BASTA
/*C37*/SET SCHEMA PUBLIC
CONNECT USER BASTA
/*C38*/SET SCHEMA PUBLIC
CONNECT USER BASTA
/*C6*/SET AUTOCOMMIT FALSE
/*C34*/DISCONNECT
/*C35*/DISCONNECT
/*C36*/DISCONNECT
/*C37*/DISCONNECT
/*C38*/DISCONNECT
/*C6*/SET AUTOCOMMIT TRUE
/*C39*/SET SCHEMA PUBLIC
CONNECT USER BASTA
/*C40*/SET SCHEMA PUBLIC
CONNECT USER BASTA
/*C41*/SET SCHEMA PUBLIC
CONNECT USER BASTA
/*C42*/SET SCHEMA PUBLIC
CONNECT USER BASTA
/*C43*/SET SCHEMA PUBLIC
CONNECT USER BASTA
/*C6*/SET AUTOCOMMIT FALSE
/*C39*/SET AUTOCOMMIT FALSE
SET AUTOCOMMIT TRUE
/*C40*/DISCONNECT
/*C41*/DISCONNECT
/*C42*/DISCONNECT
/*C43*/DISCONNECT
/*C39*/DISCONNECT
/*C6*/SET AUTOCOMMIT TRUE
/*C44*/SET SCHEMA PUBLIC
CONNECT USER BASTA
/*C45*/SET SCHEMA PUBLIC
CONNECT USER BASTA
/*C46*/SET SCHEMA PUBLIC
CONNECT USER BASTA
/*C47*/SET SCHEMA PUBLIC
CONNECT USER BASTA
/*C48*/SET SCHEMA PUBLIC
CONNECT USER BASTA
/*C6*/SET AUTOCOMMIT FALSE
/*C44*/SET AUTOCOMMIT FALSE
create table REQ_CONN_TEST1 (TEST_VALUE varchar(20))
INSERT INTO REQ_CONN_TEST1 VALUES('test_value_DS1')
COMMIT
drop table REQ_CONN_TEST1
SET AUTOCOMMIT TRUE
/*C45*/DISCONNECT
/*C46*/DISCONNECT
/*C47*/DISCONNECT
/*C48*/DISCONNECT
/*C44*/DISCONNECT
/*C6*/SET AUTOCOMMIT TRUE
/*C49*/SET SCHEMA PUBLIC
CONNECT USER SA
/*C50*/SET SCHEMA PUBLIC
CONNECT USER SA
/*C51*/SET SCHEMA PUBLIC
CONNECT USER SA
/*C52*/SET SCHEMA PUBLIC
CONNECT USER SA
/*C53*/SET SCHEMA PUBLIC
CONNECT USER SA
/*C6*/SET AUTOCOMMIT FALSE
/*C54*/SET SCHEMA PUBLIC
CONNECT USER BASTA
SET AUTOCOMMIT FALSE
create table REQ_CONN_TEST1 (TEST_VALUE varchar(20))
INSERT INTO REQ_CONN_TEST1 VALUES('test_value_DS1')
COMMIT
drop table REQ_CONN_TEST1
DISCONNECT
/*C49*/DISCONNECT
/*C50*/DISCONNECT
/*C51*/DISCONNECT
/*C52*/DISCONNECT
/*C53*/DISCONNECT
/*C6*/SET AUTOCOMMIT TRUE
/*C55*/SET SCHEMA PUBLIC
CONNECT USER BASTA
/*C56*/SET SCHEMA PUBLIC
CONNECT USER BASTA
/*C57*/SET SCHEMA PUBLIC
CONNECT USER BASTA
/*C58*/SET SCHEMA PUBLIC
CONNECT USER BASTA
/*C59*/SET SCHEMA PUBLIC
CONNECT USER BASTA
/*C6*/SET AUTOCOMMIT FALSE
/*C55*/SET AUTOCOMMIT FALSE
SET AUTOCOMMIT TRUE
/*C56*/DISCONNECT
/*C57*/DISCONNECT
/*C58*/DISCONNECT
/*C59*/DISCONNECT
/*C55*/DISCONNECT
/*C6*/SET AUTOCOMMIT TRUE
/*C60*/SET SCHEMA PUBLIC
CONNECT USER BASTA
/*C61*/SET SCHEMA PUBLIC
CONNECT USER BASTA
/*C62*/SET SCHEMA PUBLIC
CONNECT USER BASTA
/*C63*/SET SCHEMA PUBLIC
CONNECT USER BASTA
/*C64*/SET SCHEMA PUBLIC
CONNECT USER BASTA
/*C6*/SET AUTOCOMMIT FALSE
/*C60*/SET AUTOCOMMIT FALSE
SET AUTOCOMMIT TRUE
/*C61*/DISCONNECT
/*C62*/DISCONNECT
/*C63*/DISCONNECT
/*C64*/DISCONNECT
/*C60*/DISCONNECT
/*C6*/SET AUTOCOMMIT TRUE
/*C65*/SET SCHEMA PUBLIC
CONNECT USER BASTA
/*C66*/SET SCHEMA PUBLIC
CONNECT USER BASTA
/*C67*/SET SCHEMA PUBLIC
CONNECT USER BASTA
/*C68*/SET SCHEMA PUBLIC
CONNECT USER BASTA
/*C69*/SET SCHEMA PUBLIC
CONNECT USER BASTA
/*C6*/SET AUTOCOMMIT FALSE
/*C70*/SET SCHEMA PUBLIC
CONNECT USER BASTA
DISCONNECT
/*C65*/DISCONNECT
/*C66*/DISCONNECT
/*C67*/DISCONNECT
/*C68*/DISCONNECT
/*C69*/DISCONNECT
/*C6*/SET AUTOCOMMIT TRUE
SET AUTOCOMMIT FALSE
INSERT INTO NULL_COLUMN_TEST VALUES('test_batch_1')
INSERT INTO NULL_COLUMN_TEST VALUES('test_batch_2')
INSERT INTO NULL_COLUMN_TEST VALUES('test_batch_3')
INSERT INTO NULL_COLUMN_TEST VALUES('test_batch_4')
INSERT INTO NULL_COLUMN_TEST VALUES('test_batch_5')
INSERT INTO NULL_COLUMN_TEST VALUES('test_batch_6')
INSERT INTO NULL_COLUMN_TEST VALUES('test_batch_7')
INSERT INTO NULL_COLUMN_TEST VALUES('test_batch_8')
INSERT INTO NULL_COLUMN_TEST VALUES('test_batch_9')
INSERT INTO NULL_COLUMN_TEST VALUES('test_batch_10')
COMMIT
DELETE FROM NULL_COLUMN_TEST WHERE NAME='test_batch_1'
DELETE FROM NULL_COLUMN_TEST WHERE NAME='test_batch_2'
DELETE FROM NULL_COLUMN_TEST WHERE NAME='test_batch_3'
DELETE FROM NULL_COLUMN_TEST WHERE NAME='test_batch_4'
DELETE FROM NULL_COLUMN_TEST WHERE NAME='test_batch_5'
DELETE FROM NULL_COLUMN_TEST WHERE NAME='test_batch_6'
DELETE FROM NULL_COLUMN_TEST WHERE NAME='test_batch_7'
DELETE FROM NULL_COLUMN_TEST WHERE NAME='test_batch_8'
DELETE FROM NULL_COLUMN_TEST WHERE NAME='test_batch_9'
DELETE FROM NULL_COLUMN_TEST WHERE NAME='test_batch_10'
COMMIT
SET AUTOCOMMIT TRUE
SET AUTOCOMMIT FALSE
INSERT INTO DATE_TEST VALUES('1995-10-15')
COMMIT
DELETE FROM DATE_TEST WHERE DATE_TEST='1995-10-15'
COMMIT
SET AUTOCOMMIT TRUE
SET AUTOCOMMIT FALSE
INSERT INTO GENERATEDKEY_TEST VALUES(1068,'test value')
COMMIT
DELETE FROM GENERATEDKEY_TEST WHERE TEST_KEY=1068
COMMIT
SET AUTOCOMMIT TRUE
SET AUTOCOMMIT FALSE
INSERT INTO DELETE_TEST VALUES(100,'dt_value_1')
INSERT INTO DELETE_TEST VALUES(200,'dt_value_2')
INSERT INTO DELETE_RELATED_TEST VALUES(100,100,'drt_value_1')
INSERT INTO DELETE_RELATED_TEST VALUES(200,100,'drt_value_2')
COMMIT
DELETE FROM DELETE_TEST WHERE TEST_ID=200
COMMIT
DELETE FROM DELETE_RELATED_TEST WHERE TEST_REL_ID=100 AND TEST_ID=100 AND TEST_VALUE='drt_value_1'
DELETE FROM DELETE_RELATED_TEST WHERE TEST_REL_ID=200 AND TEST_ID=100 AND TEST_VALUE='drt_value_2'
COMMIT
DELETE FROM DELETE_TEST WHERE TEST_ID=100
COMMIT
SET AUTOCOMMIT TRUE
SET AUTOCOMMIT FALSE
INSERT INTO GENERATEDKEY_TEST VALUES(1069,'test value')
COMMIT
DELETE FROM GENERATEDKEY_TEST WHERE TEST_KEY=1069
COMMIT
SET AUTOCOMMIT TRUE
SET AUTOCOMMIT FALSE
INSERT INTO GENERATEDKEY_TEST VALUES(1070,'test value')
COMMIT
DELETE FROM GENERATEDKEY_TEST WHERE TEST_KEY=1070
COMMIT
SET AUTOCOMMIT TRUE
SET AUTOCOMMIT FALSE
INSERT INTO OWN_FK_TEST VALUES(1,1)
DELETE FROM OWN_FK_TEST WHERE TEST_ID=1
COMMIT
SET AUTOCOMMIT TRUE
SET AUTOCOMMIT FALSE
INSERT INTO GENERATEDKEY_TEST VALUES(1071,'insert test value')
COMMIT
INSERT INTO GENERATEDKEY_TEST VALUES(1072,'insert test value')
COMMIT
INSERT INTO GENERATEDKEY_TEST VALUES(1073,'insert test value')
COMMIT
INSERT INTO GENERATEDKEY_TEST VALUES(1074,'insert test value')
COMMIT
INSERT INTO GENERATEDKEY_TEST VALUES(1075,'insert test value')
COMMIT
INSERT INTO GENERATEDKEY_TEST VALUES(1076,'insert test value')
COMMIT
INSERT INTO GENERATEDKEY_TEST VALUES(1077,'insert test value')
COMMIT
INSERT INTO GENERATEDKEY_TEST VALUES(1078,'insert test value')
COMMIT
INSERT INTO GENERATEDKEY_TEST VALUES(1079,'insert test value')
COMMIT
INSERT INTO GENERATEDKEY_TEST VALUES(1080,'insert test value')
COMMIT
INSERT INTO GENERATEDKEY_TEST VALUES(1081,'insert test value')
COMMIT
INSERT INTO GENERATEDKEY_TEST VALUES(1082,'insert test value')
COMMIT
INSERT INTO GENERATEDKEY_TEST VALUES(1083,'insert test value')
COMMIT
INSERT INTO GENERATEDKEY_TEST VALUES(1084,'insert test value')
COMMIT
INSERT INTO GENERATEDKEY_TEST VALUES(1085,'insert test value')
COMMIT
INSERT INTO GENERATEDKEY_TEST VALUES(1086,'insert test value')
COMMIT
INSERT INTO GENERATEDKEY_TEST VALUES(1087,'insert test value')
COMMIT
INSERT INTO GENERATEDKEY_TEST VALUES(1088,'insert test value')
COMMIT
INSERT INTO GENERATEDKEY_TEST VALUES(1089,'insert test value')
COMMIT
INSERT INTO GENERATEDKEY_TEST VALUES(1090,'insert test value')
COMMIT
INSERT INTO GENERATEDKEY_TEST VALUES(1091,'insert test value')
COMMIT
INSERT INTO GENERATEDKEY_TEST VALUES(1092,'insert test value')
COMMIT
INSERT INTO GENERATEDKEY_TEST VALUES(1093,'insert test value')
COMMIT
INSERT INTO GENERATEDKEY_TEST VALUES(1094,'insert test value')
COMMIT
INSERT INTO GENERATEDKEY_TEST VALUES(1095,'insert test value')
COMMIT
INSERT INTO GENERATEDKEY_TEST VALUES(1096,'insert test value')
COMMIT
INSERT INTO GENERATEDKEY_TEST VALUES(1097,'insert test value')
COMMIT
INSERT INTO GENERATEDKEY_TEST VALUES(1098,'insert test value')
COMMIT
INSERT INTO GENERATEDKEY_TEST VALUES(1099,'insert test value')
COMMIT
INSERT INTO GENERATEDKEY_TEST VALUES(1100,'insert test value')
COMMIT
INSERT INTO GENERATEDKEY_TEST VALUES(1101,'insert test value')
COMMIT
INSERT INTO GENERATEDKEY_TEST VALUES(1102,'insert test value')
COMMIT
INSERT INTO GENERATEDKEY_TEST VALUES(1103,'insert test value')
COMMIT
INSERT INTO GENERATEDKEY_TEST VALUES(1104,'insert test value')
COMMIT
INSERT INTO GENERATEDKEY_TEST VALUES(1105,'insert test value')
COMMIT
INSERT INTO GENERATEDKEY_TEST VALUES(1106,'insert test value')
COMMIT
INSERT INTO GENERATEDKEY_TEST VALUES(1107,'insert test value')
COMMIT
INSERT INTO GENERATEDKEY_TEST VALUES(1108,'insert test value')
COMMIT
INSERT INTO GENERATEDKEY_TEST VALUES(1109,'insert test value')
COMMIT
INSERT INTO GENERATEDKEY_TEST VALUES(1110,'insert test value')
COMMIT
INSERT INTO GENERATEDKEY_TEST VALUES(1111,'insert test value')
COMMIT
INSERT INTO GENERATEDKEY_TEST VALUES(1112,'insert test value')
COMMIT
INSERT INTO GENERATEDKEY_TEST VALUES(1113,'insert test value')
COMMIT
INSERT INTO GENERATEDKEY_TEST VALUES(1114,'insert test value')
COMMIT
INSERT INTO GENERATEDKEY_TEST VALUES(1115,'insert test value')
COMMIT
INSERT INTO GENERATEDKEY_TEST VALUES(1116,'insert test value')
COMMIT
INSERT INTO GENERATEDKEY_TEST VALUES(1117,'insert test value')
COMMIT
INSERT INTO GENERATEDKEY_TEST VALUES(1118,'insert test value')
COMMIT
INSERT INTO GENERATEDKEY_TEST VALUES(1119,'insert test value')
COMMIT
INSERT INTO GENERATEDKEY_TEST VALUES(1120,'insert test value')
COMMIT
INSERT INTO GENERATEDKEY_TEST VALUES(1121,'insert test value')
COMMIT
INSERT INTO GENERATEDKEY_TEST VALUES(1122,'insert test value')
COMMIT
INSERT INTO GENERATEDKEY_TEST VALUES(1123,'insert test value')
COMMIT
INSERT INTO GENERATEDKEY_TEST VALUES(1124,'insert test value')
COMMIT
INSERT INTO GENERATEDKEY_TEST VALUES(1125,'insert test value')
COMMIT
INSERT INTO GENERATEDKEY_TEST VALUES(1126,'insert test value')
COMMIT
INSERT INTO GENERATEDKEY_TEST VALUES(1127,'insert test value')
COMMIT
INSERT INTO GENERATEDKEY_TEST VALUES(1128,'insert test value')
COMMIT
INSERT INTO GENERATEDKEY_TEST VALUES(1129,'insert test value')
COMMIT
INSERT INTO GENERATEDKEY_TEST VALUES(1130,'insert test value')
COMMIT
INSERT INTO GENERATEDKEY_TEST VALUES(1131,'insert test value')
COMMIT
INSERT INTO GENERATEDKEY_TEST VALUES(1132,'insert test value')
COMMIT
INSERT INTO GENERATEDKEY_TEST VALUES(1133,'insert test value')
COMMIT
INSERT INTO GENERATEDKEY_TEST VALUES(1134,'insert test value')
COMMIT
INSERT INTO GENERATEDKEY_TEST VALUES(1135,'insert test value')
COMMIT
INSERT INTO GENERATEDKEY_TEST VALUES(1136,'insert test value')
COMMIT
INSERT INTO GENERATEDKEY_TEST VALUES(1137,'insert test value')
COMMIT
INSERT INTO GENERATEDKEY_TEST VALUES(1138,'insert test value')
COMMIT
INSERT INTO GENERATEDKEY_TEST VALUES(1139,'insert test value')
COMMIT
INSERT INTO GENERATEDKEY_TEST VALUES(1140,'insert test value')
COMMIT
INSERT INTO GENERATEDKEY_TEST VALUES(1141,'insert test value')
COMMIT
INSERT INTO GENERATEDKEY_TEST VALUES(1142,'insert test value')
COMMIT
INSERT INTO GENERATEDKEY_TEST VALUES(1143,'insert test value')
COMMIT
INSERT INTO GENERATEDKEY_TEST VALUES(1144,'insert test value')
COMMIT
INSERT INTO GENERATEDKEY_TEST VALUES(1145,'insert test value')
COMMIT
INSERT INTO GENERATEDKEY_TEST VALUES(1146,'insert test value')
COMMIT
INSERT INTO GENERATEDKEY_TEST VALUES(1147,'insert test value')
COMMIT
INSERT INTO GENERATEDKEY_TEST VALUES(1148,'insert test value')
COMMIT
INSERT INTO GENERATEDKEY_TEST VALUES(1149,'insert test value')
COMMIT
INSERT INTO GENERATEDKEY_TEST VALUES(1150,'insert test value')
COMMIT
INSERT INTO GENERATEDKEY_TEST VALUES(1151,'insert test value')
COMMIT
INSERT INTO GENERATEDKEY_TEST VALUES(1152,'insert test value')
COMMIT
INSERT INTO GENERATEDKEY_TEST VALUES(1153,'insert test value')
COMMIT
INSERT INTO GENERATEDKEY_TEST VALUES(1154,'insert test value')
COMMIT
INSERT INTO GENERATEDKEY_TEST VALUES(1155,'insert test value')
COMMIT
INSERT INTO GENERATEDKEY_TEST VALUES(1156,'insert test value')
COMMIT
INSERT INTO GENERATEDKEY_TEST VALUES(1157,'insert test value')
COMMIT
INSERT INTO GENERATEDKEY_TEST VALUES(1158,'insert test value')
COMMIT
INSERT INTO GENERATEDKEY_TEST VALUES(1159,'insert test value')
COMMIT
INSERT INTO GENERATEDKEY_TEST VALUES(1160,'insert test value')
COMMIT
INSERT INTO GENERATEDKEY_TEST VALUES(1161,'insert test value')
COMMIT
INSERT INTO GENERATEDKEY_TEST VALUES(1162,'insert test value')
COMMIT
INSERT INTO GENERATEDKEY_TEST VALUES(1163,'insert test value')
COMMIT
INSERT INTO GENERATEDKEY_TEST VALUES(1164,'insert test value')
COMMIT
INSERT INTO GENERATEDKEY_TEST VALUES(1165,'insert test value')
COMMIT
INSERT INTO GENERATEDKEY_TEST VALUES(1166,'insert test value')
COMMIT
INSERT INTO GENERATEDKEY_TEST VALUES(1167,'insert test value')
COMMIT
INSERT INTO GENERATEDKEY_TEST VALUES(1168,'insert test value')
COMMIT
INSERT INTO GENERATEDKEY_TEST VALUES(1169,'insert test value')
COMMIT
INSERT INTO GENERATEDKEY_TEST VALUES(1170,'insert test value')
COMMIT
INSERT INTO GENERATEDKEY_TEST VALUES(1171,'insert test value')
COMMIT
INSERT INTO GENERATEDKEY_TEST VALUES(1172,'insert test value')
COMMIT
INSERT INTO GENERATEDKEY_TEST VALUES(1173,'insert test value')
COMMIT
INSERT INTO GENERATEDKEY_TEST VALUES(1174,'insert test value')
COMMIT
INSERT INTO GENERATEDKEY_TEST VALUES(1175,'insert test value')
COMMIT
INSERT INTO GENERATEDKEY_TEST VALUES(1176,'insert test value')
COMMIT
INSERT INTO GENERATEDKEY_TEST VALUES(1177,'insert test value')
COMMIT
INSERT INTO GENERATEDKEY_TEST VALUES(1178,'insert test value')
COMMIT
INSERT INTO GENERATEDKEY_TEST VALUES(1179,'insert test value')
COMMIT
INSERT INTO GENERATEDKEY_TEST VALUES(1180,'insert test value')
COMMIT
INSERT INTO GENERATEDKEY_TEST VALUES(1181,'insert test value')
COMMIT
INSERT INTO GENERATEDKEY_TEST VALUES(1182,'insert test value')
COMMIT
INSERT INTO GENERATEDKEY_TEST VALUES(1183,'insert test value')
COMMIT
INSERT INTO GENERATEDKEY_TEST VALUES(1184,'insert test value')
COMMIT
INSERT INTO GENERATEDKEY_TEST VALUES(1185,'insert test value')
COMMIT
INSERT INTO GENERATEDKEY_TEST VALUES(1186,'insert test value')
COMMIT
INSERT INTO GENERATEDKEY_TEST VALUES(1187,'insert test value')
COMMIT
INSERT INTO GENERATEDKEY_TEST VALUES(1188,'insert test value')
COMMIT
INSERT INTO GENERATEDKEY_TEST VALUES(1189,'insert test value')
COMMIT
INSERT INTO GENERATEDKEY_TEST VALUES(1190,'insert test value')
COMMIT
INSERT INTO GENERATEDKEY_TEST VALUES(1191,'insert test value')
COMMIT
INSERT INTO GENERATEDKEY_TEST VALUES(1192,'insert test value')
COMMIT
INSERT INTO GENERATEDKEY_TEST VALUES(1193,'insert test value')
COMMIT
INSERT INTO GENERATEDKEY_TEST VALUES(1194,'insert test value')
COMMIT
INSERT INTO GENERATEDKEY_TEST VALUES(1195,'insert test value')
COMMIT
INSERT INTO GENERATEDKEY_TEST VALUES(1196,'insert test value')
COMMIT
INSERT INTO GENERATEDKEY_TEST VALUES(1197,'insert test value')
COMMIT
INSERT INTO GENERATEDKEY_TEST VALUES(1198,'insert test value')
COMMIT
INSERT INTO GENERATEDKEY_TEST VALUES(1199,'insert test value')
COMMIT
INSERT INTO GENERATEDKEY_TEST VALUES(1200,'insert test value')
COMMIT
INSERT INTO GENERATEDKEY_TEST VALUES(1201,'insert test value')
COMMIT
INSERT INTO GENERATEDKEY_TEST VALUES(1202,'insert test value')
COMMIT
INSERT INTO GENERATEDKEY_TEST VALUES(1203,'insert test value')
COMMIT
INSERT INTO GENERATEDKEY_TEST VALUES(1204,'insert test value')
COMMIT
INSERT INTO GENERATEDKEY_TEST VALUES(1205,'insert test value')
COMMIT
INSERT INTO GENERATEDKEY_TEST VALUES(1206,'insert test value')
COMMIT
INSERT INTO GENERATEDKEY_TEST VALUES(1207,'insert test value')
COMMIT
INSERT INTO GENERATEDKEY_TEST VALUES(1208,'insert test value')
COMMIT
INSERT INTO GENERATEDKEY_TEST VALUES(1209,'insert test value')
COMMIT
INSERT INTO GENERATEDKEY_TEST VALUES(1210,'insert test value')
COMMIT
INSERT INTO GENERATEDKEY_TEST VALUES(1211,'insert test value')
COMMIT
INSERT INTO GENERATEDKEY_TEST VALUES(1212,'insert test value')
COMMIT
INSERT INTO GENERATEDKEY_TEST VALUES(1213,'insert test value')
COMMIT
INSERT INTO GENERATEDKEY_TEST VALUES(1214,'insert test value')
COMMIT
INSERT INTO GENERATEDKEY_TEST VALUES(1215,'insert test value')
COMMIT
INSERT INTO GENERATEDKEY_TEST VALUES(1216,'insert test value')
COMMIT
INSERT INTO GENERATEDKEY_TEST VALUES(1217,'insert test value')
COMMIT
INSERT INTO GENERATEDKEY_TEST VALUES(1218,'insert test value')
COMMIT
INSERT INTO GENERATEDKEY_TEST VALUES(1219,'insert test value')
COMMIT
INSERT INTO GENERATEDKEY_TEST VALUES(1220,'insert test value')
COMMIT
INSERT INTO GENERATEDKEY_TEST VALUES(1221,'insert test value')
COMMIT
INSERT INTO GENERATEDKEY_TEST VALUES(1222,'insert test value')
COMMIT
INSERT INTO GENERATEDKEY_TEST VALUES(1223,'insert test value')
COMMIT
INSERT INTO GENERATEDKEY_TEST VALUES(1224,'insert test value')
COMMIT
INSERT INTO GENERATEDKEY_TEST VALUES(1225,'insert test value')
COMMIT
INSERT INTO GENERATEDKEY_TEST VALUES(1226,'insert test value')
COMMIT
INSERT INTO GENERATEDKEY_TEST VALUES(1227,'insert test value')
COMMIT
INSERT INTO GENERATEDKEY_TEST VALUES(1228,'insert test value')
COMMIT
INSERT INTO GENERATEDKEY_TEST VALUES(1229,'insert test value')
COMMIT
INSERT INTO GENERATEDKEY_TEST VALUES(1230,'insert test value')
COMMIT
INSERT INTO GENERATEDKEY_TEST VALUES(1231,'insert test value')
COMMIT
INSERT INTO GENERATEDKEY_TEST VALUES(1232,'insert test value')
COMMIT
INSERT INTO GENERATEDKEY_TEST VALUES(1233,'insert test value')
COMMIT
INSERT INTO GENERATEDKEY_TEST VALUES(1234,'insert test value')
COMMIT
INSERT INTO GENERATEDKEY_TEST VALUES(1235,'insert test value')
COMMIT
INSERT INTO GENERATEDKEY_TEST VALUES(1236,'insert test value')
COMMIT
INSERT INTO GENERATEDKEY_TEST VALUES(1237,'insert test value')
COMMIT
INSERT INTO GENERATEDKEY_TEST VALUES(1238,'insert test value')
COMMIT
INSERT INTO GENERATEDKEY_TEST VALUES(1239,'insert test value')
COMMIT
INSERT INTO GENERATEDKEY_TEST VALUES(1240,'insert test value')
COMMIT
INSERT INTO GENERATEDKEY_TEST VALUES(1241,'insert test value')
COMMIT
INSERT INTO GENERATEDKEY_TEST VALUES(1242,'insert test value')
COMMIT
INSERT INTO GENERATEDKEY_TEST VALUES(1243,'insert test value')
COMMIT
INSERT INTO GENERATEDKEY_TEST VALUES(1244,'insert test value')
COMMIT
INSERT INTO GENERATEDKEY_TEST VALUES(1245,'insert test value')
COMMIT
INSERT INTO GENERATEDKEY_TEST VALUES(1246,'insert test value')
COMMIT
INSERT INTO GENERATEDKEY_TEST VALUES(1247,'insert test value')
COMMIT
INSERT INTO GENERATEDKEY_TEST VALUES(1248,'insert test value')
COMMIT
INSERT INTO GENERATEDKEY_TEST VALUES(1249,'insert test value')
COMMIT
INSERT INTO GENERATEDKEY_TEST VALUES(1250,'insert test value')
COMMIT
INSERT INTO GENERATEDKEY_TEST VALUES(1251,'insert test value')
COMMIT
INSERT INTO GENERATEDKEY_TEST VALUES(1252,'insert test value')
COMMIT
INSERT INTO GENERATEDKEY_TEST VALUES(1253,'insert test value')
COMMIT
INSERT INTO GENERATEDKEY_TEST VALUES(1254,'insert test value')
COMMIT
INSERT INTO GENERATEDKEY_TEST VALUES(1255,'insert test value')
COMMIT
INSERT INTO GENERATEDKEY_TEST VALUES(1256,'insert test value')
COMMIT
INSERT INTO GENERATEDKEY_TEST VALUES(1257,'insert test value')
COMMIT
INSERT INTO GENERATEDKEY_TEST VALUES(1258,'insert test value')
COMMIT
INSERT INTO GENERATEDKEY_TEST VALUES(1259,'insert test value')
COMMIT
INSERT INTO GENERATEDKEY_TEST VALUES(1260,'insert test value')
COMMIT
INSERT INTO GENERATEDKEY_TEST VALUES(1261,'insert test value')
COMMIT
INSERT INTO GENERATEDKEY_TEST VALUES(1262,'insert test value')
COMMIT
INSERT INTO GENERATEDKEY_TEST VALUES(1263,'insert test value')
COMMIT
INSERT INTO GENERATEDKEY_TEST VALUES(1264,'insert test value')
COMMIT
INSERT INTO GENERATEDKEY_TEST VALUES(1265,'insert test value')
COMMIT
INSERT INTO GENERATEDKEY_TEST VALUES(1266,'insert test value')
COMMIT
INSERT INTO GENERATEDKEY_TEST VALUES(1267,'insert test value')
COMMIT
INSERT INTO GENERATEDKEY_TEST VALUES(1268,'insert test value')
COMMIT
INSERT INTO GENERATEDKEY_TEST VALUES(1269,'insert test value')
COMMIT
INSERT INTO GENERATEDKEY_TEST VALUES(1270,'insert test value')
COMMIT
INSERT INTO GENERATEDKEY_TEST VALUES(1271,'insert test value')
COMMIT
INSERT INTO GENERATEDKEY_TEST VALUES(1272,'insert test value')
COMMIT
INSERT INTO GENERATEDKEY_TEST VALUES(1273,'insert test value')
COMMIT
INSERT INTO GENERATEDKEY_TEST VALUES(1274,'insert test value')
COMMIT
INSERT INTO GENERATEDKEY_TEST VALUES(1275,'insert test value')
COMMIT
INSERT INTO GENERATEDKEY_TEST VALUES(1276,'insert test value')
COMMIT
INSERT INTO GENERATEDKEY_TEST VALUES(1277,'insert test value')
COMMIT
INSERT INTO GENERATEDKEY_TEST VALUES(1278,'insert test value')
COMMIT
INSERT INTO GENERATEDKEY_TEST VALUES(1279,'insert test value')
COMMIT
INSERT INTO GENERATEDKEY_TEST VALUES(1280,'insert test value')
COMMIT
INSERT INTO GENERATEDKEY_TEST VALUES(1281,'insert test value')
COMMIT
INSERT INTO GENERATEDKEY_TEST VALUES(1282,'insert test value')
COMMIT
INSERT INTO GENERATEDKEY_TEST VALUES(1283,'insert test value')
COMMIT
INSERT INTO GENERATEDKEY_TEST VALUES(1284,'insert test value')
COMMIT
INSERT INTO GENERATEDKEY_TEST VALUES(1285,'insert test value')
COMMIT
INSERT INTO GENERATEDKEY_TEST VALUES(1286,'insert test value')
COMMIT
INSERT INTO GENERATEDKEY_TEST VALUES(1287,'insert test value')
COMMIT
INSERT INTO GENERATEDKEY_TEST VALUES(1288,'insert test value')
COMMIT
INSERT INTO GENERATEDKEY_TEST VALUES(1289,'insert test value')
COMMIT
INSERT INTO GENERATEDKEY_TEST VALUES(1290,'insert test value')
COMMIT
INSERT INTO GENERATEDKEY_TEST VALUES(1291,'insert test value')
COMMIT
INSERT INTO GENERATEDKEY_TEST VALUES(1292,'insert test value')
COMMIT
INSERT INTO GENERATEDKEY_TEST VALUES(1293,'insert test value')
COMMIT
INSERT INTO GENERATEDKEY_TEST VALUES(1294,'insert test value')
COMMIT
INSERT INTO GENERATEDKEY_TEST VALUES(1295,'insert test value')
COMMIT
INSERT INTO GENERATEDKEY_TEST VALUES(1296,'insert test value')
COMMIT
INSERT INTO GENERATEDKEY_TEST VALUES(1297,'insert test value')
COMMIT
INSERT INTO GENERATEDKEY_TEST VALUES(1298,'insert test value')
COMMIT
INSERT INTO GENERATEDKEY_TEST VALUES(1299,'insert test value')
COMMIT
INSERT INTO GENERATEDKEY_TEST VALUES(1300,'insert test value')
COMMIT
INSERT INTO GENERATEDKEY_TEST VALUES(1301,'insert test value')
COMMIT
INSERT INTO GENERATEDKEY_TEST VALUES(1302,'insert test value')
COMMIT
INSERT INTO GENERATEDKEY_TEST VALUES(1303,'insert test value')
COMMIT
INSERT INTO GENERATEDKEY_TEST VALUES(1304,'insert test value')
COMMIT
INSERT INTO GENERATEDKEY_TEST VALUES(1305,'insert test value')
COMMIT
INSERT INTO GENERATEDKEY_TEST VALUES(1306,'insert test value')
COMMIT
INSERT INTO GENERATEDKEY_TEST VALUES(1307,'insert test value')
COMMIT
INSERT INTO GENERATEDKEY_TEST VALUES(1308,'insert test value')
COMMIT
INSERT INTO GENERATEDKEY_TEST VALUES(1309,'insert test value')
COMMIT
INSERT INTO GENERATEDKEY_TEST VALUES(1310,'insert test value')
COMMIT
INSERT INTO GENERATEDKEY_TEST VALUES(1311,'insert test value')
COMMIT
INSERT INTO GENERATEDKEY_TEST VALUES(1312,'insert test value')
COMMIT
INSERT INTO GENERATEDKEY_TEST VALUES(1313,'insert test value')
COMMIT
INSERT INTO GENERATEDKEY_TEST VALUES(1314,'insert test value')
COMMIT
INSERT INTO GENERATEDKEY_TEST VALUES(1315,'insert test value')
COMMIT
INSERT INTO GENERATEDKEY_TEST VALUES(1316,'insert test value')
COMMIT
INSERT INTO GENERATEDKEY_TEST VALUES(1317,'insert test value')
COMMIT
INSERT INTO GENERATEDKEY_TEST VALUES(1318,'insert test value')
COMMIT
INSERT INTO GENERATEDKEY_TEST VALUES(1319,'insert test value')
COMMIT
INSERT INTO GENERATEDKEY_TEST VALUES(1320,'insert test value')
COMMIT
INSERT INTO GENERATEDKEY_TEST VALUES(1321,'insert test value')
COMMIT
INSERT INTO GENERATEDKEY_TEST VALUES(1322,'insert test value')
COMMIT
INSERT INTO GENERATEDKEY_TEST VALUES(1323,'insert test value')
COMMIT
INSERT INTO GENERATEDKEY_TEST VALUES(1324,'insert test value')
COMMIT
INSERT INTO GENERATEDKEY_TEST VALUES(1325,'insert test value')
COMMIT
INSERT INTO GENERATEDKEY_TEST VALUES(1326,'insert test value')
COMMIT
INSERT INTO GENERATEDKEY_TEST VALUES(1327,'insert test value')
COMMIT
INSERT INTO GENERATEDKEY_TEST VALUES(1328,'insert test value')
COMMIT
INSERT INTO GENERATEDKEY_TEST VALUES(1329,'insert test value')
COMMIT
INSERT INTO GENERATEDKEY_TEST VALUES(1330,'insert test value')
COMMIT
INSERT INTO GENERATEDKEY_TEST VALUES(1331,'insert test value')
COMMIT
INSERT INTO GENERATEDKEY_TEST VALUES(1332,'insert test value')
COMMIT
INSERT INTO GENERATEDKEY_TEST VALUES(1333,'insert test value')
COMMIT
INSERT INTO GENERATEDKEY_TEST VALUES(1334,'insert test value')
COMMIT
INSERT INTO GENERATEDKEY_TEST VALUES(1335,'insert test value')
COMMIT
INSERT INTO GENERATEDKEY_TEST VALUES(1336,'insert test value')
COMMIT
INSERT INTO GENERATEDKEY_TEST VALUES(1337,'insert test value')
COMMIT
INSERT INTO GENERATEDKEY_TEST VALUES(1338,'insert test value')
COMMIT
INSERT INTO GENERATEDKEY_TEST VALUES(1339,'insert test value')
COMMIT
INSERT INTO GENERATEDKEY_TEST VALUES(1340,'insert test value')
COMMIT
INSERT INTO GENERATEDKEY_TEST VALUES(1341,'insert test value')
COMMIT
INSERT INTO GENERATEDKEY_TEST VALUES(1342,'insert test value')
COMMIT
INSERT INTO GENERATEDKEY_TEST VALUES(1343,'insert test value')
COMMIT
INSERT INTO GENERATEDKEY_TEST VALUES(1344,'insert test value')
COMMIT
INSERT INTO GENERATEDKEY_TEST VALUES(1345,'insert test value')
COMMIT
INSERT INTO GENERATEDKEY_TEST VALUES(1346,'insert test value')
COMMIT
INSERT INTO GENERATEDKEY_TEST VALUES(1347,'insert test value')
COMMIT
INSERT INTO GENERATEDKEY_TEST VALUES(1348,'insert test value')
COMMIT
INSERT INTO GENERATEDKEY_TEST VALUES(1349,'insert test value')
COMMIT
INSERT INTO GENERATEDKEY_TEST VALUES(1350,'insert test value')
COMMIT
INSERT INTO GENERATEDKEY_TEST VALUES(1351,'insert test value')
COMMIT
INSERT INTO GENERATEDKEY_TEST VALUES(1352,'insert test value')
COMMIT
INSERT INTO GENERATEDKEY_TEST VALUES(1353,'insert test value')
COMMIT
INSERT INTO GENERATEDKEY_TEST VALUES(1354,'insert test value')
COMMIT
INSERT INTO GENERATEDKEY_TEST VALUES(1355,'insert test value')
COMMIT
INSERT INTO GENERATEDKEY_TEST VALUES(1356,'insert test value')
COMMIT
INSERT INTO GENERATEDKEY_TEST VALUES(1357,'insert test value')
COMMIT
INSERT INTO GENERATEDKEY_TEST VALUES(1358,'insert test value')
COMMIT
INSERT INTO GENERATEDKEY_TEST VALUES(1359,'insert test value')
COMMIT
INSERT INTO GENERATEDKEY_TEST VALUES(1360,'insert test value')
COMMIT
INSERT INTO GENERATEDKEY_TEST VALUES(1361,'insert test value')
COMMIT
INSERT INTO GENERATEDKEY_TEST VALUES(1362,'insert test value')
COMMIT
INSERT INTO GENERATEDKEY_TEST VALUES(1363,'insert test value')
COMMIT
INSERT INTO GENERATEDKEY_TEST VALUES(1364,'insert test value')
COMMIT
INSERT INTO GENERATEDKEY_TEST VALUES(1365,'insert test value')
COMMIT
INSERT INTO GENERATEDKEY_TEST VALUES(1366,'insert test value')
COMMIT
INSERT INTO GENERATEDKEY_TEST VALUES(1367,'insert test value')
COMMIT
INSERT INTO GENERATEDKEY_TEST VALUES(1368,'insert test value')
COMMIT
INSERT INTO GENERATEDKEY_TEST VALUES(1369,'insert test value')
COMMIT
INSERT INTO GENERATEDKEY_TEST VALUES(1370,'insert test value')
COMMIT
INSERT INTO GENERATEDKEY_TEST VALUES(1371,'insert test value')
COMMIT
INSERT INTO GENERATEDKEY_TEST VALUES(1372,'insert test value')
COMMIT
INSERT INTO GENERATEDKEY_TEST VALUES(1373,'insert test value')
COMMIT
INSERT INTO GENERATEDKEY_TEST VALUES(1374,'insert test value')
COMMIT
INSERT INTO GENERATEDKEY_TEST VALUES(1375,'insert test value')
COMMIT
INSERT INTO GENERATEDKEY_TEST VALUES(1376,'insert test value')
COMMIT
INSERT INTO GENERATEDKEY_TEST VALUES(1377,'insert test value')
COMMIT
INSERT INTO GENERATEDKEY_TEST VALUES(1378,'insert test value')
COMMIT
INSERT INTO GENERATEDKEY_TEST VALUES(1379,'insert test value')
COMMIT
INSERT INTO GENERATEDKEY_TEST VALUES(1380,'insert test value')
COMMIT
INSERT INTO GENERATEDKEY_TEST VALUES(1381,'insert test value')
COMMIT
INSERT INTO GENERATEDKEY_TEST VALUES(1382,'insert test value')
COMMIT
INSERT INTO GENERATEDKEY_TEST VALUES(1383,'insert test value')
COMMIT
INSERT INTO GENERATEDKEY_TEST VALUES(1384,'insert test value')
COMMIT
INSERT INTO GENERATEDKEY_TEST VALUES(1385,'insert test value')
COMMIT
INSERT INTO GENERATEDKEY_TEST VALUES(1386,'insert test value')
COMMIT
INSERT INTO GENERATEDKEY_TEST VALUES(1387,'insert test value')
COMMIT
INSERT INTO GENERATEDKEY_TEST VALUES(1388,'insert test value')
COMMIT
INSERT INTO GENERATEDKEY_TEST VALUES(1389,'insert test value')
COMMIT
INSERT INTO GENERATEDKEY_TEST VALUES(1390,'insert test value')
COMMIT
INSERT INTO GENERATEDKEY_TEST VALUES(1391,'insert test value')
COMMIT
INSERT INTO GENERATEDKEY_TEST VALUES(1392,'insert test value')
COMMIT
INSERT INTO GENERATEDKEY_TEST VALUES(1393,'insert test value')
COMMIT
INSERT INTO GENERATEDKEY_TEST VALUES(1394,'insert test value')
COMMIT
INSERT INTO GENERATEDKEY_TEST VALUES(1395,'insert test value')
COMMIT
INSERT INTO GENERATEDKEY_TEST VALUES(1396,'insert test value')
COMMIT
INSERT INTO GENERATEDKEY_TEST VALUES(1397,'insert test value')
COMMIT
INSERT INTO GENERATEDKEY_TEST VALUES(1398,'insert test value')
COMMIT
INSERT INTO GENERATEDKEY_TEST VALUES(1399,'insert test value')
COMMIT
INSERT INTO GENERATEDKEY_TEST VALUES(1400,'insert test value')
COMMIT
INSERT INTO GENERATEDKEY_TEST VALUES(1401,'insert test value')
COMMIT
INSERT INTO GENERATEDKEY_TEST VALUES(1402,'insert test value')
COMMIT
INSERT INTO GENERATEDKEY_TEST VALUES(1403,'insert test value')
COMMIT
INSERT INTO GENERATEDKEY_TEST VALUES(1404,'insert test value')
COMMIT
INSERT INTO GENERATEDKEY_TEST VALUES(1405,'insert test value')
COMMIT
INSERT INTO GENERATEDKEY_TEST VALUES(1406,'insert test value')
COMMIT
INSERT INTO GENERATEDKEY_TEST VALUES(1407,'insert test value')
COMMIT
INSERT INTO GENERATEDKEY_TEST VALUES(1408,'insert test value')
COMMIT
INSERT INTO GENERATEDKEY_TEST VALUES(1409,'insert test value')
COMMIT
INSERT INTO GENERATEDKEY_TEST VALUES(1410,'insert test value')
COMMIT
INSERT INTO GENERATEDKEY_TEST VALUES(1411,'insert test value')
COMMIT
INSERT INTO GENERATEDKEY_TEST VALUES(1412,'insert test value')
COMMIT
INSERT INTO GENERATEDKEY_TEST VALUES(1413,'insert test value')
COMMIT
INSERT INTO GENERATEDKEY_TEST VALUES(1414,'insert test value')
COMMIT
INSERT INTO GENERATEDKEY_TEST VALUES(1415,'insert test value')
COMMIT
INSERT INTO GENERATEDKEY_TEST VALUES(1416,'insert test value')
COMMIT
INSERT INTO GENERATEDKEY_TEST VALUES(1417,'insert test value')
COMMIT
INSERT INTO GENERATEDKEY_TEST VALUES(1418,'insert test value')
COMMIT
INSERT INTO GENERATEDKEY_TEST VALUES(1419,'insert test value')
COMMIT
INSERT INTO GENERATEDKEY_TEST VALUES(1420,'insert test value')
COMMIT
INSERT INTO GENERATEDKEY_TEST VALUES(1421,'insert test value')
COMMIT
INSERT INTO GENERATEDKEY_TEST VALUES(1422,'insert test value')
COMMIT
INSERT INTO GENERATEDKEY_TEST VALUES(1423,'insert test value')
COMMIT
INSERT INTO GENERATEDKEY_TEST VALUES(1424,'insert test value')
COMMIT
INSERT INTO GENERATEDKEY_TEST VALUES(1425,'insert test value')
COMMIT
INSERT INTO GENERATEDKEY_TEST VALUES(1426,'insert test value')
COMMIT
INSERT INTO GENERATEDKEY_TEST VALUES(1427,'insert test value')
COMMIT
INSERT INTO GENERATEDKEY_TEST VALUES(1428,'insert test value')
COMMIT
INSERT INTO GENERATEDKEY_TEST VALUES(1429,'insert test value')
COMMIT
INSERT INTO GENERATEDKEY_TEST VALUES(1430,'insert test value')
COMMIT
INSERT INTO GENERATEDKEY_TEST VALUES(1431,'insert test value')
COMMIT
INSERT INTO GENERATEDKEY_TEST VALUES(1432,'insert test value')
COMMIT
INSERT INTO GENERATEDKEY_TEST VALUES(1433,'insert test value')
COMMIT
INSERT INTO GENERATEDKEY_TEST VALUES(1434,'insert test value')
COMMIT
INSERT INTO GENERATEDKEY_TEST VALUES(1435,'insert test value')
COMMIT
INSERT INTO GENERATEDKEY_TEST VALUES(1436,'insert test value')
COMMIT
INSERT INTO GENERATEDKEY_TEST VALUES(1437,'insert test value')
COMMIT
INSERT INTO GENERATEDKEY_TEST VALUES(1438,'insert test value')
COMMIT
INSERT INTO GENERATEDKEY_TEST VALUES(1439,'insert test value')
COMMIT
INSERT INTO GENERATEDKEY_TEST VALUES(1440,'insert test value')
COMMIT
INSERT INTO GENERATEDKEY_TEST VALUES(1441,'insert test value')
COMMIT
INSERT INTO GENERATEDKEY_TEST VALUES(1442,'insert test value')
COMMIT
INSERT INTO GENERATEDKEY_TEST VALUES(1443,'insert test value')
COMMIT
INSERT INTO GENERATEDKEY_TEST VALUES(1444,'insert test value')
COMMIT
INSERT INTO GENERATEDKEY_TEST VALUES(1445,'insert test value')
COMMIT
INSERT INTO GENERATEDKEY_TEST VALUES(1446,'insert test value')
COMMIT
INSERT INTO GENERATEDKEY_TEST VALUES(1447,'insert test value')
COMMIT
INSERT INTO GENERATEDKEY_TEST VALUES(1448,'insert test value')
COMMIT
INSERT INTO GENERATEDKEY_TEST VALUES(1449,'insert test value')
COMMIT
INSERT INTO GENERATEDKEY_TEST VALUES(1450,'insert test value')
COMMIT
INSERT INTO GENERATEDKEY_TEST VALUES(1451,'insert test value')
COMMIT
INSERT INTO GENERATEDKEY_TEST VALUES(1452,'insert test value')
COMMIT
INSERT INTO GENERATEDKEY_TEST VALUES(1453,'insert test value')
COMMIT
INSERT INTO GENERATEDKEY_TEST VALUES(1454,'insert test value')
COMMIT
INSERT INTO GENERATEDKEY_TEST VALUES(1455,'insert test value')
COMMIT
INSERT INTO GENERATEDKEY_TEST VALUES(1456,'insert test value')
COMMIT
INSERT INTO GENERATEDKEY_TEST VALUES(1457,'insert test value')
COMMIT
INSERT INTO GENERATEDKEY_TEST VALUES(1458,'insert test value')
COMMIT
INSERT INTO GENERATEDKEY_TEST VALUES(1459,'insert test value')
COMMIT
INSERT INTO GENERATEDKEY_TEST VALUES(1460,'insert test value')
COMMIT
INSERT INTO GENERATEDKEY_TEST VALUES(1461,'insert test value')
COMMIT
INSERT INTO GENERATEDKEY_TEST VALUES(1462,'insert test value')
COMMIT
INSERT INTO GENERATEDKEY_TEST VALUES(1463,'insert test value')
COMMIT
INSERT INTO GENERATEDKEY_TEST VALUES(1464,'insert test value')
COMMIT
INSERT INTO GENERATEDKEY_TEST VALUES(1465,'insert test value')
COMMIT
INSERT INTO GENERATEDKEY_TEST VALUES(1466,'insert test value')
COMMIT
INSERT INTO GENERATEDKEY_TEST VALUES(1467,'insert test value')
COMMIT
INSERT INTO GENERATEDKEY_TEST VALUES(1468,'insert test value')
COMMIT
INSERT INTO GENERATEDKEY_TEST VALUES(1469,'insert test value')
COMMIT
INSERT INTO GENERATEDKEY_TEST VALUES(1470,'insert test value')
COMMIT
INSERT INTO GENERATEDKEY_TEST VALUES(1471,'insert test value')
COMMIT
INSERT INTO GENERATEDKEY_TEST VALUES(1472,'insert test value')
COMMIT
INSERT INTO GENERATEDKEY_TEST VALUES(1473,'insert test value')
COMMIT
INSERT INTO GENERATEDKEY_TEST VALUES(1474,'insert test value')
COMMIT
INSERT INTO GENERATEDKEY_TEST VALUES(1475,'insert test value')
COMMIT
INSERT INTO GENERATEDKEY_TEST VALUES(1476,'insert test value')
COMMIT
INSERT INTO GENERATEDKEY_TEST VALUES(1477,'insert test value')
COMMIT
INSERT INTO GENERATEDKEY_TEST VALUES(1478,'insert test value')
COMMIT
INSERT INTO GENERATEDKEY_TEST VALUES(1479,'insert test value')
COMMIT
INSERT INTO GENERATEDKEY_TEST VALUES(1480,'insert test value')
COMMIT
INSERT INTO GENERATEDKEY_TEST VALUES(1481,'insert test value')
COMMIT
INSERT INTO GENERATEDKEY_TEST VALUES(1482,'insert test value')
COMMIT
INSERT INTO GENERATEDKEY_TEST VALUES(1483,'insert test value')
COMMIT
INSERT INTO GENERATEDKEY_TEST VALUES(1484,'insert test value')
COMMIT
INSERT INTO GENERATEDKEY_TEST VALUES(1485,'insert test value')
COMMIT
INSERT INTO GENERATEDKEY_TEST VALUES(1486,'insert test value')
COMMIT
INSERT INTO GENERATEDKEY_TEST VALUES(1487,'insert test value')
COMMIT
INSERT INTO GENERATEDKEY_TEST VALUES(1488,'insert test value')
COMMIT
INSERT INTO GENERATEDKEY_TEST VALUES(1489,'insert test value')
COMMIT
INSERT INTO GENERATEDKEY_TEST VALUES(1490,'insert test value')
COMMIT
INSERT INTO GENERATEDKEY_TEST VALUES(1491,'insert test value')
COMMIT
INSERT INTO GENERATEDKEY_TEST VALUES(1492,'insert test value')
COMMIT
INSERT INTO GENERATEDKEY_TEST VALUES(1493,'insert test value')
COMMIT
INSERT INTO GENERATEDKEY_TEST VALUES(1494,'insert test value')
COMMIT
INSERT INTO GENERATEDKEY_TEST VALUES(1495,'insert test value')
COMMIT
INSERT INTO GENERATEDKEY_TEST VALUES(1496,'insert test value')
COMMIT
INSERT INTO GENERATEDKEY_TEST VALUES(1497,'insert test value')
COMMIT
INSERT INTO GENERATEDKEY_TEST VALUES(1498,'insert test value')
COMMIT
INSERT INTO GENERATEDKEY_TEST VALUES(1499,'insert test value')
COMMIT
INSERT INTO GENERATEDKEY_TEST VALUES(1500,'insert test value')
COMMIT
INSERT INTO GENERATEDKEY_TEST VALUES(1501,'insert test value')
COMMIT
INSERT INTO GENERATEDKEY_TEST VALUES(1502,'insert test value')
COMMIT
INSERT INTO GENERATEDKEY_TEST VALUES(1503,'insert test value')
COMMIT
INSERT INTO GENERATEDKEY_TEST VALUES(1504,'insert test value')
COMMIT
INSERT INTO GENERATEDKEY_TEST VALUES(1505,'insert test value')
COMMIT
INSERT INTO GENERATEDKEY_TEST VALUES(1506,'insert test value')
COMMIT
INSERT INTO GENERATEDKEY_TEST VALUES(1507,'insert test value')
COMMIT
INSERT INTO GENERATEDKEY_TEST VALUES(1508,'insert test value')
COMMIT
INSERT INTO GENERATEDKEY_TEST VALUES(1509,'insert test value')
COMMIT
INSERT INTO GENERATEDKEY_TEST VALUES(1510,'insert test value')
COMMIT
INSERT INTO GENERATEDKEY_TEST VALUES(1511,'insert test value')
COMMIT
INSERT INTO GENERATEDKEY_TEST VALUES(1512,'insert test value')
COMMIT
INSERT INTO GENERATEDKEY_TEST VALUES(1513,'insert test value')
COMMIT
INSERT INTO GENERATEDKEY_TEST VALUES(1514,'insert test value')
COMMIT
INSERT INTO GENERATEDKEY_TEST VALUES(1515,'insert test value')
COMMIT
INSERT INTO GENERATEDKEY_TEST VALUES(1516,'insert test value')
COMMIT
INSERT INTO GENERATEDKEY_TEST VALUES(1517,'insert test value')
COMMIT
INSERT INTO GENERATEDKEY_TEST VALUES(1518,'insert test value')
COMMIT
INSERT INTO GENERATEDKEY_TEST VALUES(1519,'insert test value')
COMMIT
INSERT INTO GENERATEDKEY_TEST VALUES(1520,'insert test value')
COMMIT
INSERT INTO GENERATEDKEY_TEST VALUES(1521,'insert test value')
COMMIT
INSERT INTO GENERATEDKEY_TEST VALUES(1522,'insert test value')
COMMIT
INSERT INTO GENERATEDKEY_TEST VALUES(1523,'insert test value')
COMMIT
INSERT INTO GENERATEDKEY_TEST VALUES(1524,'insert test value')
COMMIT
INSERT INTO GENERATEDKEY_TEST VALUES(1525,'insert test value')
COMMIT
INSERT INTO GENERATEDKEY_TEST VALUES(1526,'insert test value')
COMMIT
INSERT INTO GENERATEDKEY_TEST VALUES(1527,'insert test value')
COMMIT
INSERT INTO GENERATEDKEY_TEST VALUES(1528,'insert test value')
COMMIT
INSERT INTO GENERATEDKEY_TEST VALUES(1529,'insert test value')
COMMIT
INSERT INTO GENERATEDKEY_TEST VALUES(1530,'insert test value')
COMMIT
INSERT INTO GENERATEDKEY_TEST VALUES(1531,'insert test value')
COMMIT
INSERT INTO GENERATEDKEY_TEST VALUES(1532,'insert test value')
COMMIT
INSERT INTO GENERATEDKEY_TEST VALUES(1533,'insert test value')
COMMIT
INSERT INTO GENERATEDKEY_TEST VALUES(1534,'insert test value')
COMMIT
INSERT INTO GENERATEDKEY_TEST VALUES(1535,'insert test value')
COMMIT
INSERT INTO GENERATEDKEY_TEST VALUES(1536,'insert test value')
COMMIT
INSERT INTO GENERATEDKEY_TEST VALUES(1537,'insert test value')
COMMIT
INSERT INTO GENERATEDKEY_TEST VALUES(1538,'insert test value')
COMMIT
INSERT INTO GENERATEDKEY_TEST VALUES(1539,'insert test value')
COMMIT
INSERT INTO GENERATEDKEY_TEST VALUES(1540,'insert test value')
COMMIT
INSERT INTO GENERATEDKEY_TEST VALUES(1541,'insert test value')
COMMIT
INSERT INTO GENERATEDKEY_TEST VALUES(1542,'insert test value')
COMMIT
INSERT INTO GENERATEDKEY_TEST VALUES(1543,'insert test value')
COMMIT
INSERT INTO GENERATEDKEY_TEST VALUES(1544,'insert test value')
COMMIT
INSERT INTO GENERATEDKEY_TEST VALUES(1545,'insert test value')
COMMIT
INSERT INTO GENERATEDKEY_TEST VALUES(1546,'insert test value')
COMMIT
INSERT INTO GENERATEDKEY_TEST VALUES(1547,'insert test value')
COMMIT
INSERT INTO GENERATEDKEY_TEST VALUES(1548,'insert test value')
COMMIT
INSERT INTO GENERATEDKEY_TEST VALUES(1549,'insert test value')
COMMIT
INSERT INTO GENERATEDKEY_TEST VALUES(1550,'insert test value')
COMMIT
INSERT INTO GENERATEDKEY_TEST VALUES(1551,'insert test value')
COMMIT
INSERT INTO GENERATEDKEY_TEST VALUES(1552,'insert test value')
COMMIT
INSERT INTO GENERATEDKEY_TEST VALUES(1553,'insert test value')
COMMIT
INSERT INTO GENERATEDKEY_TEST VALUES(1554,'insert test value')
COMMIT
INSERT INTO GENERATEDKEY_TEST VALUES(1555,'insert test value')
COMMIT
INSERT INTO GENERATEDKEY_TEST VALUES(1556,'insert test value')
COMMIT
INSERT INTO GENERATEDKEY_TEST VALUES(1557,'insert test value')
COMMIT
INSERT INTO GENERATEDKEY_TEST VALUES(1558,'insert test value')
COMMIT
INSERT INTO GENERATEDKEY_TEST VALUES(1559,'insert test value')
COMMIT
INSERT INTO GENERATEDKEY_TEST VALUES(1560,'insert test value')
COMMIT
INSERT INTO GENERATEDKEY_TEST VALUES(1561,'insert test value')
COMMIT
INSERT INTO GENERATEDKEY_TEST VALUES(1562,'insert test value')
COMMIT
INSERT INTO GENERATEDKEY_TEST VALUES(1563,'insert test value')
COMMIT
INSERT INTO GENERATEDKEY_TEST VALUES(1564,'insert test value')
COMMIT
INSERT INTO GENERATEDKEY_TEST VALUES(1565,'insert test value')
COMMIT
INSERT INTO GENERATEDKEY_TEST VALUES(1566,'insert test value')
COMMIT
INSERT INTO GENERATEDKEY_TEST VALUES(1567,'insert test value')
COMMIT
INSERT INTO GENERATEDKEY_TEST VALUES(1568,'insert test value')
COMMIT
INSERT INTO GENERATEDKEY_TEST VALUES(1569,'insert test value')
COMMIT
INSERT INTO GENERATEDKEY_TEST VALUES(1570,'insert test value')
COMMIT
INSERT INTO GENERATEDKEY_TEST VALUES(1571,'insert test value')
COMMIT
INSERT INTO GENERATEDKEY_TEST VALUES(1572,'insert test value')
COMMIT
INSERT INTO GENERATEDKEY_TEST VALUES(1573,'insert test value')
COMMIT
INSERT INTO GENERATEDKEY_TEST VALUES(1574,'insert test value')
COMMIT
INSERT INTO GENERATEDKEY_TEST VALUES(1575,'insert test value')
COMMIT
INSERT INTO GENERATEDKEY_TEST VALUES(1576,'insert test value')
COMMIT
INSERT INTO GENERATEDKEY_TEST VALUES(1577,'insert test value')
COMMIT
INSERT INTO GENERATEDKEY_TEST VALUES(1578,'insert test value')
COMMIT
INSERT INTO GENERATEDKEY_TEST VALUES(1579,'insert test value')
COMMIT
INSERT INTO GENERATEDKEY_TEST VALUES(1580,'insert test value')
COMMIT
INSERT INTO GENERATEDKEY_TEST VALUES(1581,'insert test value')
COMMIT
INSERT INTO GENERATEDKEY_TEST VALUES(1582,'insert test value')
COMMIT
INSERT INTO GENERATEDKEY_TEST VALUES(1583,'insert test value')
COMMIT
INSERT INTO GENERATEDKEY_TEST VALUES(1584,'insert test value')
COMMIT
INSERT INTO GENERATEDKEY_TEST VALUES(1585,'insert test value')
COMMIT
INSERT INTO GENERATEDKEY_TEST VALUES(1586,'insert test value')
COMMIT
INSERT INTO GENERATEDKEY_TEST VALUES(1587,'insert test value')
COMMIT
INSERT INTO GENERATEDKEY_TEST VALUES(1588,'insert test value')
COMMIT
INSERT INTO GENERATEDKEY_TEST VALUES(1589,'insert test value')
COMMIT
INSERT INTO GENERATEDKEY_TEST VALUES(1590,'insert test value')
COMMIT
INSERT INTO GENERATEDKEY_TEST VALUES(1591,'insert test value')
COMMIT
INSERT INTO GENERATEDKEY_TEST VALUES(1592,'insert test value')
COMMIT
INSERT INTO GENERATEDKEY_TEST VALUES(1593,'insert test value')
COMMIT
INSERT INTO GENERATEDKEY_TEST VALUES(1594,'insert test value')
COMMIT
INSERT INTO GENERATEDKEY_TEST VALUES(1595,'insert test value')
COMMIT
INSERT INTO GENERATEDKEY_TEST VALUES(1596,'insert test value')
COMMIT
INSERT INTO GENERATEDKEY_TEST VALUES(1597,'insert test value')
COMMIT
INSERT INTO GENERATEDKEY_TEST VALUES(1598,'insert test value')
COMMIT
INSERT INTO GENERATEDKEY_TEST VALUES(1599,'insert test value')
COMMIT
INSERT INTO GENERATEDKEY_TEST VALUES(1600,'insert test value')
COMMIT
DELETE FROM GENERATEDKEY_TEST WHERE TEST_KEY=1071
DELETE FROM GENERATEDKEY_TEST WHERE TEST_KEY=1072
DELETE FROM GENERATEDKEY_TEST WHERE TEST_KEY=1073
DELETE FROM GENERATEDKEY_TEST WHERE TEST_KEY=1074
DELETE FROM GENERATEDKEY_TEST WHERE TEST_KEY=1075
DELETE FROM GENERATEDKEY_TEST WHERE TEST_KEY=1076
DELETE FROM GENERATEDKEY_TEST WHERE TEST_KEY=1077
DELETE FROM GENERATEDKEY_TEST WHERE TEST_KEY=1078
DELETE FROM GENERATEDKEY_TEST WHERE TEST_KEY=1079
DELETE FROM GENERATEDKEY_TEST WHERE TEST_KEY=1080
DELETE FROM GENERATEDKEY_TEST WHERE TEST_KEY=1081
DELETE FROM GENERATEDKEY_TEST WHERE TEST_KEY=1082
DELETE FROM GENERATEDKEY_TEST WHERE TEST_KEY=1083
DELETE FROM GENERATEDKEY_TEST WHERE TEST_KEY=1084
DELETE FROM GENERATEDKEY_TEST WHERE TEST_KEY=1085
DELETE FROM GENERATEDKEY_TEST WHERE TEST_KEY=1086
DELETE FROM GENERATEDKEY_TEST WHERE TEST_KEY=1087
DELETE FROM GENERATEDKEY_TEST WHERE TEST_KEY=1088
DELETE FROM GENERATEDKEY_TEST WHERE TEST_KEY=1089
DELETE FROM GENERATEDKEY_TEST WHERE TEST_KEY=1090
DELETE FROM GENERATEDKEY_TEST WHERE TEST_KEY=1091
DELETE FROM GENERATEDKEY_TEST WHERE TEST_KEY=1092
DELETE FROM GENERATEDKEY_TEST WHERE TEST_KEY=1093
DELETE FROM GENERATEDKEY_TEST WHERE TEST_KEY=1094
DELETE FROM GENERATEDKEY_TEST WHERE TEST_KEY=1095
DELETE FROM GENERATEDKEY_TEST WHERE TEST_KEY=1096
DELETE FROM GENERATEDKEY_TEST WHERE TEST_KEY=1097
DELETE FROM GENERATEDKEY_TEST WHERE TEST_KEY=1098
DELETE FROM GENERATEDKEY_TEST WHERE TEST_KEY=1099
DELETE FROM GENERATEDKEY_TEST WHERE TEST_KEY=1100
DELETE FROM GENERATEDKEY_TEST WHERE TEST_KEY=1101
DELETE FROM GENERATEDKEY_TEST WHERE TEST_KEY=1102
DELETE FROM GENERATEDKEY_TEST WHERE TEST_KEY=1103
DELETE FROM GENERATEDKEY_TEST WHERE TEST_KEY=1104
DELETE FROM GENERATEDKEY_TEST WHERE TEST_KEY=1105
DELETE FROM GENERATEDKEY_TEST WHERE TEST_KEY=1106
DELETE FROM GENERATEDKEY_TEST WHERE TEST_KEY=1107
DELETE FROM GENERATEDKEY_TEST WHERE TEST_KEY=1108
DELETE FROM GENERATEDKEY_TEST WHERE TEST_KEY=1109
DELETE FROM GENERATEDKEY_TEST WHERE TEST_KEY=1110
DELETE FROM GENERATEDKEY_TEST WHERE TEST_KEY=1111
DELETE FROM GENERATEDKEY_TEST WHERE TEST_KEY=1112
DELETE FROM GENERATEDKEY_TEST WHERE TEST_KEY=1113
DELETE FROM GENERATEDKEY_TEST WHERE TEST_KEY=1114
DELETE FROM GENERATEDKEY_TEST WHERE TEST_KEY=1115
DELETE FROM GENERATEDKEY_TEST WHERE TEST_KEY=1116
DELETE FROM GENERATEDKEY_TEST WHERE TEST_KEY=1117
DELETE FROM GENERATEDKEY_TEST WHERE TEST_KEY=1118
DELETE FROM GENERATEDKEY_TEST WHERE TEST_KEY=1119
DELETE FROM GENERATEDKEY_TEST WHERE TEST_KEY=1120
DELETE FROM GENERATEDKEY_TEST WHERE TEST_KEY=1121
DELETE FROM GENERATEDKEY_TEST WHERE TEST_KEY=1122
DELETE FROM GENERATEDKEY_TEST WHERE TEST_KEY=1123
DELETE FROM GENERATEDKEY_TEST WHERE TEST_KEY=1124
DELETE FROM GENERATEDKEY_TEST WHERE TEST_KEY=1125
DELETE FROM GENERATEDKEY_TEST WHERE TEST_KEY=1126
DELETE FROM GENERATEDKEY_TEST WHERE TEST_KEY=1127
DELETE FROM GENERATEDKEY_TEST WHERE TEST_KEY=1128
DELETE FROM GENERATEDKEY_TEST WHERE TEST_KEY=1129
DELETE FROM GENERATEDKEY_TEST WHERE TEST_KEY=1130
DELETE FROM GENERATEDKEY_TEST WHERE TEST_KEY=1131
DELETE FROM GENERATEDKEY_TEST WHERE TEST_KEY=1132
DELETE FROM GENERATEDKEY_TEST WHERE TEST_KEY=1133
DELETE FROM GENERATEDKEY_TEST WHERE TEST_KEY=1134
DELETE FROM GENERATEDKEY_TEST WHERE TEST_KEY=1135
DELETE FROM GENERATEDKEY_TEST WHERE TEST_KEY=1136
DELETE FROM GENERATEDKEY_TEST WHERE TEST_KEY=1137
DELETE FROM GENERATEDKEY_TEST WHERE TEST_KEY=1138
DELETE FROM GENERATEDKEY_TEST WHERE TEST_KEY=1139
DELETE FROM GENERATEDKEY_TEST WHERE TEST_KEY=1140
DELETE FROM GENERATEDKEY_TEST WHERE TEST_KEY=1141
DELETE FROM GENERATEDKEY_TEST WHERE TEST_KEY=1142
DELETE FROM GENERATEDKEY_TEST WHERE TEST_KEY=1143
DELETE FROM GENERATEDKEY_TEST WHERE TEST_KEY=1144
DELETE FROM GENERATEDKEY_TEST WHERE TEST_KEY=1145
DELETE FROM GENERATEDKEY_TEST WHERE TEST_KEY=1146
DELETE FROM GENERATEDKEY_TEST WHERE TEST_KEY=1147
DELETE FROM GENERATEDKEY_TEST WHERE TEST_KEY=1148
DELETE FROM GENERATEDKEY_TEST WHERE TEST_KEY=1149
DELETE FROM GENERATEDKEY_TEST WHERE TEST_KEY=1150
DELETE FROM GENERATEDKEY_TEST WHERE TEST_KEY=1151
DELETE FROM GENERATEDKEY_TEST WHERE TEST_KEY=1152
DELETE FROM GENERATEDKEY_TEST WHERE TEST_KEY=1153
DELETE FROM GENERATEDKEY_TEST WHERE TEST_KEY=1154
DELETE FROM GENERATEDKEY_TEST WHERE TEST_KEY=1155
DELETE FROM GENERATEDKEY_TEST WHERE TEST_KEY=1156
DELETE FROM GENERATEDKEY_TEST WHERE TEST_KEY=1157
DELETE FROM GENERATEDKEY_TEST WHERE TEST_KEY=1158
DELETE FROM GENERATEDKEY_TEST WHERE TEST_KEY=1159
DELETE FROM GENERATEDKEY_TEST WHERE TEST_KEY=1160
DELETE FROM GENERATEDKEY_TEST WHERE TEST_KEY=1161
DELETE FROM GENERATEDKEY_TEST WHERE TEST_KEY=1162
DELETE FROM GENERATEDKEY_TEST WHERE TEST_KEY=1163
DELETE FROM GENERATEDKEY_TEST WHERE TEST_KEY=1164
DELETE FROM GENERATEDKEY_TEST WHERE TEST_KEY=1165
DELETE FROM GENERATEDKEY_TEST WHERE TEST_KEY=1166
DELETE FROM GENERATEDKEY_TEST WHERE TEST_KEY=1167
DELETE FROM GENERATEDKEY_TEST WHERE TEST_KEY=1168
DELETE FROM GENERATEDKEY_TEST WHERE TEST_KEY=1169
DELETE FROM GENERATEDKEY_TEST WHERE TEST_KEY=1170
DELETE FROM GENERATEDKEY_TEST WHERE TEST_KEY=1171
DELETE FROM GENERATEDKEY_TEST WHERE TEST_KEY=1172
DELETE FROM GENERATEDKEY_TEST WHERE TEST_KEY=1173
DELETE FROM GENERATEDKEY_TEST WHERE TEST_KEY=1174
DELETE FROM GENERATEDKEY_TEST WHERE TEST_KEY=1175
DELETE FROM GENERATEDKEY_TEST WHERE TEST_KEY=1176
DELETE FROM GENERATEDKEY_TEST WHERE TEST_KEY=1177
DELETE FROM GENERATEDKEY_TEST WHERE TEST_KEY=1178
DELETE FROM GENERATEDKEY_TEST WHERE TEST_KEY=1179
DELETE FROM GENERATEDKEY_TEST WHERE TEST_KEY=1180
DELETE FROM GENERATEDKEY_TEST WHERE TEST_KEY=1181
DELETE FROM GENERATEDKEY_TEST WHERE TEST_KEY=1182
DELETE FROM GENERATEDKEY_TEST WHERE TEST_KEY=1183
DELETE FROM GENERATEDKEY_TEST WHERE TEST_KEY=1184
DELETE FROM GENERATEDKEY_TEST WHERE TEST_KEY=1185
DELETE FROM GENERATEDKEY_TEST WHERE TEST_KEY=1186
DELETE FROM GENERATEDKEY_TEST WHERE TEST_KEY=1187
DELETE FROM GENERATEDKEY_TEST WHERE TEST_KEY=1188
DELETE FROM GENERATEDKEY_TEST WHERE TEST_KEY=1189
DELETE FROM GENERATEDKEY_TEST WHERE TEST_KEY=1190
DELETE FROM GENERATEDKEY_TEST WHERE TEST_KEY=1191
DELETE FROM GENERATEDKEY_TEST WHERE TEST_KEY=1192
DELETE FROM GENERATEDKEY_TEST WHERE TEST_KEY=1193
DELETE FROM GENERATEDKEY_TEST WHERE TEST_KEY=1194
DELETE FROM GENERATEDKEY_TEST WHERE TEST_KEY=1195
DELETE FROM GENERATEDKEY_TEST WHERE TEST_KEY=1196
DELETE FROM GENERATEDKEY_TEST WHERE TEST_KEY=1197
DELETE FROM GENERATEDKEY_TEST WHERE TEST_KEY=1198
DELETE FROM GENERATEDKEY_TEST WHERE TEST_KEY=1199
DELETE FROM GENERATEDKEY_TEST WHERE TEST_KEY=1200
DELETE FROM GENERATEDKEY_TEST WHERE TEST_KEY=1201
DELETE FROM GENERATEDKEY_TEST WHERE TEST_KEY=1202
DELETE FROM GENERATEDKEY_TEST WHERE TEST_KEY=1203
DELETE FROM GENERATEDKEY_TEST WHERE TEST_KEY=1204
DELETE FROM GENERATEDKEY_TEST WHERE TEST_KEY=1205
DELETE FROM GENERATEDKEY_TEST WHERE TEST_KEY=1206
DELETE FROM GENERATEDKEY_TEST WHERE TEST_KEY=1207
DELETE FROM GENERATEDKEY_TEST WHERE TEST_KEY=1208
DELETE FROM GENERATEDKEY_TEST WHERE TEST_KEY=1209
DELETE FROM GENERATEDKEY_TEST WHERE TEST_KEY=1210
DELETE FROM GENERATEDKEY_TEST WHERE TEST_KEY=1211
DELETE FROM GENERATEDKEY_TEST WHERE TEST_KEY=1212
DELETE FROM GENERATEDKEY_TEST WHERE TEST_KEY=1213
DELETE FROM GENERATEDKEY_TEST WHERE TEST_KEY=1214
DELETE FROM GENERATEDKEY_TEST WHERE TEST_KEY=1215
DELETE FROM GENERATEDKEY_TEST WHERE TEST_KEY=1216
DELETE FROM GENERATEDKEY_TEST WHERE TEST_KEY=1217
DELETE FROM GENERATEDKEY_TEST WHERE TEST_KEY=1218
DELETE FROM GENERATEDKEY_TEST WHERE TEST_KEY=1219
DELETE FROM GENERATEDKEY_TEST WHERE TEST_KEY=1220
DELETE FROM GENERATEDKEY_TEST WHERE TEST_KEY=1221
DELETE FROM GENERATEDKEY_TEST WHERE TEST_KEY=1222
DELETE FROM GENERATEDKEY_TEST WHERE TEST_KEY=1223
DELETE FROM GENERATEDKEY_TEST WHERE TEST_KEY=1224
DELETE FROM GENERATEDKEY_TEST WHERE TEST_KEY=1225
DELETE FROM GENERATEDKEY_TEST WHERE TEST_KEY=1226
DELETE FROM GENERATEDKEY_TEST WHERE TEST_KEY=1227
DELETE FROM GENERATEDKEY_TEST WHERE TEST_KEY=1228
DELETE FROM GENERATEDKEY_TEST WHERE TEST_KEY=1229
DELETE FROM GENERATEDKEY_TEST WHERE TEST_KEY=1230
DELETE FROM GENERATEDKEY_TEST WHERE TEST_KEY=1231
DELETE FROM GENERATEDKEY_TEST WHERE TEST_KEY=1232
DELETE FROM GENERATEDKEY_TEST WHERE TEST_KEY=1233
DELETE FROM GENERATEDKEY_TEST WHERE TEST_KEY=1234
DELETE FROM GENERATEDKEY_TEST WHERE TEST_KEY=1235
DELETE FROM GENERATEDKEY_TEST WHERE TEST_KEY=1236
DELETE FROM GENERATEDKEY_TEST WHERE TEST_KEY=1237
DELETE FROM GENERATEDKEY_TEST WHERE TEST_KEY=1238
DELETE FROM GENERATEDKEY_TEST WHERE TEST_KEY=1239
DELETE FROM GENERATEDKEY_TEST WHERE TEST_KEY=1240
DELETE FROM GENERATEDKEY_TEST WHERE TEST_KEY=1241
DELETE FROM GENERATEDKEY_TEST WHERE TEST_KEY=1242
DELETE FROM GENERATEDKEY_TEST WHERE TEST_KEY=1243
DELETE FROM GENERATEDKEY_TEST WHERE TEST_KEY=1244
DELETE FROM GENERATEDKEY_TEST WHERE TEST_KEY=1245
DELETE FROM GENERATEDKEY_TEST WHERE TEST_KEY=1246
DELETE FROM GENERATEDKEY_TEST WHERE TEST_KEY=1247
DELETE FROM GENERATEDKEY_TEST WHERE TEST_KEY=1248
DELETE FROM GENERATEDKEY_TEST WHERE TEST_KEY=1249
DELETE FROM GENERATEDKEY_TEST WHERE TEST_KEY=1250
DELETE FROM GENERATEDKEY_TEST WHERE TEST_KEY=1251
DELETE FROM GENERATEDKEY_TEST WHERE TEST_KEY=1252
DELETE FROM GENERATEDKEY_TEST WHERE TEST_KEY=1253
DELETE FROM GENERATEDKEY_TEST WHERE TEST_KEY=1254
DELETE FROM GENERATEDKEY_TEST WHERE TEST_KEY=1255
DELETE FROM GENERATEDKEY_TEST WHERE TEST_KEY=1256
DELETE FROM GENERATEDKEY_TEST WHERE TEST_KEY=1257
DELETE FROM GENERATEDKEY_TEST WHERE TEST_KEY=1258
DELETE FROM GENERATEDKEY_TEST WHERE TEST_KEY=1259
DELETE FROM GENERATEDKEY_TEST WHERE TEST_KEY=1260
DELETE FROM GENERATEDKEY_TEST WHERE TEST_KEY=1261
DELETE FROM GENERATEDKEY_TEST WHERE TEST_KEY=1262
DELETE FROM GENERATEDKEY_TEST WHERE TEST_KEY=1263
DELETE FROM GENERATEDKEY_TEST WHERE TEST_KEY=1264
DELETE FROM GENERATEDKEY_TEST WHERE TEST_KEY=1265
DELETE FROM GENERATEDKEY_TEST WHERE TEST_KEY=1266
DELETE FROM GENERATEDKEY_TEST WHERE TEST_KEY=1267
DELETE FROM GENERATEDKEY_TEST WHERE TEST_KEY=1268
DELETE FROM GENERATEDKEY_TEST WHERE TEST_KEY=1269
DELETE FROM GENERATEDKEY_TEST WHERE TEST_KEY=1270
DELETE FROM GENERATEDKEY_TEST WHERE TEST_KEY=1271
DELETE FROM GENERATEDKEY_TEST WHERE TEST_KEY=1272
DELETE FROM GENERATEDKEY_TEST WHERE TEST_KEY=1273
DELETE FROM GENERATEDKEY_TEST WHERE TEST_KEY=1274
DELETE FROM GENERATEDKEY_TEST WHERE TEST_KEY=1275
DELETE FROM GENERATEDKEY_TEST WHERE TEST_KEY=1276
DELETE FROM GENERATEDKEY_TEST WHERE TEST_KEY=1277
DELETE FROM GENERATEDKEY_TEST WHERE TEST_KEY=1278
DELETE FROM GENERATEDKEY_TEST WHERE TEST_KEY=1279
DELETE FROM GENERATEDKEY_TEST WHERE TEST_KEY=1280
DELETE FROM GENERATEDKEY_TEST WHERE TEST_KEY=1281
DELETE FROM GENERATEDKEY_TEST WHERE TEST_KEY=1282
DELETE FROM GENERATEDKEY_TEST WHERE TEST_KEY=1283
DELETE FROM GENERATEDKEY_TEST WHERE TEST_KEY=1284
DELETE FROM GENERATEDKEY_TEST WHERE TEST_KEY=1285
DELETE FROM GENERATEDKEY_TEST WHERE TEST_KEY=1286
DELETE FROM GENERATEDKEY_TEST WHERE TEST_KEY=1287
DELETE FROM GENERATEDKEY_TEST WHERE TEST_KEY=1288
DELETE FROM GENERATEDKEY_TEST WHERE TEST_KEY=1289
DELETE FROM GENERATEDKEY_TEST WHERE TEST_KEY=1290
DELETE FROM GENERATEDKEY_TEST WHERE TEST_KEY=1291
DELETE FROM GENERATEDKEY_TEST WHERE TEST_KEY=1292
DELETE FROM GENERATEDKEY_TEST WHERE TEST_KEY=1293
DELETE FROM GENERATEDKEY_TEST WHERE TEST_KEY=1294
DELETE FROM GENERATEDKEY_TEST WHERE TEST_KEY=1295
DELETE FROM GENERATEDKEY_TEST WHERE TEST_KEY=1296
DELETE FROM GENERATEDKEY_TEST WHERE TEST_KEY=1297
DELETE FROM GENERATEDKEY_TEST WHERE TEST_KEY=1298
DELETE FROM GENERATEDKEY_TEST WHERE TEST_KEY=1299
DELETE FROM GENERATEDKEY_TEST WHERE TEST_KEY=1300
DELETE FROM GENERATEDKEY_TEST WHERE TEST_KEY=1301
DELETE FROM GENERATEDKEY_TEST WHERE TEST_KEY=1302
DELETE FROM GENERATEDKEY_TEST WHERE TEST_KEY=1303
DELETE FROM GENERATEDKEY_TEST WHERE TEST_KEY=1304
DELETE FROM GENERATEDKEY_TEST WHERE TEST_KEY=1305
DELETE FROM GENERATEDKEY_TEST WHERE TEST_KEY=1306
DELETE FROM GENERATEDKEY_TEST WHERE TEST_KEY=1307
DELETE FROM GENERATEDKEY_TEST WHERE TEST_KEY=1308
DELETE FROM GENERATEDKEY_TEST WHERE TEST_KEY=1309
DELETE FROM GENERATEDKEY_TEST WHERE TEST_KEY=1310
DELETE FROM GENERATEDKEY_TEST WHERE TEST_KEY=1311
DELETE FROM GENERATEDKEY_TEST WHERE TEST_KEY=1312
DELETE FROM GENERATEDKEY_TEST WHERE TEST_KEY=1313
DELETE FROM GENERATEDKEY_TEST WHERE TEST_KEY=1314
DELETE FROM GENERATEDKEY_TEST WHERE TEST_KEY=1315
DELETE FROM GENERATEDKEY_TEST WHERE TEST_KEY=1316
DELETE FROM GENERATEDKEY_TEST WHERE TEST_KEY=1317
DELETE FROM GENERATEDKEY_TEST WHERE TEST_KEY=1318
DELETE FROM GENERATEDKEY_TEST WHERE TEST_KEY=1319
DELETE FROM GENERATEDKEY_TEST WHERE TEST_KEY=1320
DELETE FROM GENERATEDKEY_TEST WHERE TEST_KEY=1321
DELETE FROM GENERATEDKEY_TEST WHERE TEST_KEY=1322
DELETE FROM GENERATEDKEY_TEST WHERE TEST_KEY=1323
DELETE FROM GENERATEDKEY_TEST WHERE TEST_KEY=1324
DELETE FROM GENERATEDKEY_TEST WHERE TEST_KEY=1325
DELETE FROM GENERATEDKEY_TEST WHERE TEST_KEY=1326
DELETE FROM GENERATEDKEY_TEST WHERE TEST_KEY=1327
DELETE FROM GENERATEDKEY_TEST WHERE TEST_KEY=1328
DELETE FROM GENERATEDKEY_TEST WHERE TEST_KEY=1329
DELETE FROM GENERATEDKEY_TEST WHERE TEST_KEY=1330
DELETE FROM GENERATEDKEY_TEST WHERE TEST_KEY=1331
DELETE FROM GENERATEDKEY_TEST WHERE TEST_KEY=1332
DELETE FROM GENERATEDKEY_TEST WHERE TEST_KEY=1333
DELETE FROM GENERATEDKEY_TEST WHERE TEST_KEY=1334
DELETE FROM GENERATEDKEY_TEST WHERE TEST_KEY=1335
DELETE FROM GENERATEDKEY_TEST WHERE TEST_KEY=1336
DELETE FROM GENERATEDKEY_TEST WHERE TEST_KEY=1337
DELETE FROM GENERATEDKEY_TEST WHERE TEST_KEY=1338
DELETE FROM GENERATEDKEY_TEST WHERE TEST_KEY=1339
DELETE FROM GENERATEDKEY_TEST WHERE TEST_KEY=1340
DELETE FROM GENERATEDKEY_TEST WHERE TEST_KEY=1341
DELETE FROM GENERATEDKEY_TEST WHERE TEST_KEY=1342
DELETE FROM GENERATEDKEY_TEST WHERE TEST_KEY=1343
DELETE FROM GENERATEDKEY_TEST WHERE TEST_KEY=1344
DELETE FROM GENERATEDKEY_TEST WHERE TEST_KEY=1345
DELETE FROM GENERATEDKEY_TEST WHERE TEST_KEY=1346
DELETE FROM GENERATEDKEY_TEST WHERE TEST_KEY=1347
DELETE FROM GENERATEDKEY_TEST WHERE TEST_KEY=1348
DELETE FROM GENERATEDKEY_TEST WHERE TEST_KEY=1349
DELETE FROM GENERATEDKEY_TEST WHERE TEST_KEY=1350
DELETE FROM GENERATEDKEY_TEST WHERE TEST_KEY=1351
DELETE FROM GENERATEDKEY_TEST WHERE TEST_KEY=1352
DELETE FROM GENERATEDKEY_TEST WHERE TEST_KEY=1353
DELETE FROM GENERATEDKEY_TEST WHERE TEST_KEY=1354
DELETE FROM GENERATEDKEY_TEST WHERE TEST_KEY=1355
DELETE FROM GENERATEDKEY_TEST WHERE TEST_KEY=1356
DELETE FROM GENERATEDKEY_TEST WHERE TEST_KEY=1357
DELETE FROM GENERATEDKEY_TEST WHERE TEST_KEY=1358
DELETE FROM GENERATEDKEY_TEST WHERE TEST_KEY=1359
DELETE FROM GENERATEDKEY_TEST WHERE TEST_KEY=1360
DELETE FROM GENERATEDKEY_TEST WHERE TEST_KEY=1361
DELETE FROM GENERATEDKEY_TEST WHERE TEST_KEY=1362
DELETE FROM GENERATEDKEY_TEST WHERE TEST_KEY=1363
DELETE FROM GENERATEDKEY_TEST WHERE TEST_KEY=1364
DELETE FROM GENERATEDKEY_TEST WHERE TEST_KEY=1365
DELETE FROM GENERATEDKEY_TEST WHERE TEST_KEY=1366
DELETE FROM GENERATEDKEY_TEST WHERE TEST_KEY=1367
DELETE FROM GENERATEDKEY_TEST WHERE TEST_KEY=1368
DELETE FROM GENERATEDKEY_TEST WHERE TEST_KEY=1369
DELETE FROM GENERATEDKEY_TEST WHERE TEST_KEY=1370
DELETE FROM GENERATEDKEY_TEST WHERE TEST_KEY=1371
DELETE FROM GENERATEDKEY_TEST WHERE TEST_KEY=1372
DELETE FROM GENERATEDKEY_TEST WHERE TEST_KEY=1373
DELETE FROM GENERATEDKEY_TEST WHERE TEST_KEY=1374
DELETE FROM GENERATEDKEY_TEST WHERE TEST_KEY=1375
DELETE FROM GENERATEDKEY_TEST WHERE TEST_KEY=1376
DELETE FROM GENERATEDKEY_TEST WHERE TEST_KEY=1377
DELETE FROM GENERATEDKEY_TEST WHERE TEST_KEY=1378
DELETE FROM GENERATEDKEY_TEST WHERE TEST_KEY=1379
DELETE FROM GENERATEDKEY_TEST WHERE TEST_KEY=1380
DELETE FROM GENERATEDKEY_TEST WHERE TEST_KEY=1381
DELETE FROM GENERATEDKEY_TEST WHERE TEST_KEY=1382
DELETE FROM GENERATEDKEY_TEST WHERE TEST_KEY=1383
DELETE FROM GENERATEDKEY_TEST WHERE TEST_KEY=1384
DELETE FROM GENERATEDKEY_TEST WHERE TEST_KEY=1385
DELETE FROM GENERATEDKEY_TEST WHERE TEST_KEY=1386
DELETE FROM GENERATEDKEY_TEST WHERE TEST_KEY=1387
DELETE FROM GENERATEDKEY_TEST WHERE TEST_KEY=1388
DELETE FROM GENERATEDKEY_TEST WHERE TEST_KEY=1389
DELETE FROM GENERATEDKEY_TEST WHERE TEST_KEY=1390
DELETE FROM GENERATEDKEY_TEST WHERE TEST_KEY=1391
DELETE FROM GENERATEDKEY_TEST WHERE TEST_KEY=1392
DELETE FROM GENERATEDKEY_TEST WHERE TEST_KEY=1393
DELETE FROM GENERATEDKEY_TEST WHERE TEST_KEY=1394
DELETE FROM GENERATEDKEY_TEST WHERE TEST_KEY=1395
DELETE FROM GENERATEDKEY_TEST WHERE TEST_KEY=1396
DELETE FROM GENERATEDKEY_TEST WHERE TEST_KEY=1397
DELETE FROM GENERATEDKEY_TEST WHERE TEST_KEY=1398
DELETE FROM GENERATEDKEY_TEST WHERE TEST_KEY=1399
DELETE FROM GENERATEDKEY_TEST WHERE TEST_KEY=1400
DELETE FROM GENERATEDKEY_TEST WHERE TEST_KEY=1401
DELETE FROM GENERATEDKEY_TEST WHERE TEST_KEY=1402
DELETE FROM GENERATEDKEY_TEST WHERE TEST_KEY=1403
DELETE FROM GENERATEDKEY_TEST WHERE TEST_KEY=1404
DELETE FROM GENERATEDKEY_TEST WHERE TEST_KEY=1405
DELETE FROM GENERATEDKEY_TEST WHERE TEST_KEY=1406
DELETE FROM GENERATEDKEY_TEST WHERE TEST_KEY=1407
DELETE FROM GENERATEDKEY_TEST WHERE TEST_KEY=1408
DELETE FROM GENERATEDKEY_TEST WHERE TEST_KEY=1409
DELETE FROM GENERATEDKEY_TEST WHERE TEST_KEY=1410
DELETE FROM GENERATEDKEY_TEST WHERE TEST_KEY=1411
DELETE FROM GENERATEDKEY_TEST WHERE TEST_KEY=1412
DELETE FROM GENERATEDKEY_TEST WHERE TEST_KEY=1413
DELETE FROM GENERATEDKEY_TEST WHERE TEST_KEY=1414
DELETE FROM GENERATEDKEY_TEST WHERE TEST_KEY=1415
DELETE FROM GENERATEDKEY_TEST WHERE TEST_KEY=1416
DELETE FROM GENERATEDKEY_TEST WHERE TEST_KEY=1417
DELETE FROM GENERATEDKEY_TEST WHERE TEST_KEY=1418
DELETE FROM GENERATEDKEY_TEST WHERE TEST_KEY=1419
DELETE FROM GENERATEDKEY_TEST WHERE TEST_KEY=1420
DELETE FROM GENERATEDKEY_TEST WHERE TEST_KEY=1421
DELETE FROM GENERATEDKEY_TEST WHERE TEST_KEY=1422
DELETE FROM GENERATEDKEY_TEST WHERE TEST_KEY=1423
DELETE FROM GENERATEDKEY_TEST WHERE TEST_KEY=1424
DELETE FROM GENERATEDKEY_TEST WHERE TEST_KEY=1425
DELETE FROM GENERATEDKEY_TEST WHERE TEST_KEY=1426
DELETE FROM GENERATEDKEY_TEST WHERE TEST_KEY=1427
DELETE FROM GENERATEDKEY_TEST WHERE TEST_KEY=1428
DELETE FROM GENERATEDKEY_TEST WHERE TEST_KEY=1429
DELETE FROM GENERATEDKEY_TEST WHERE TEST_KEY=1430
DELETE FROM GENERATEDKEY_TEST WHERE TEST_KEY=1431
DELETE FROM GENERATEDKEY_TEST WHERE TEST_KEY=1432
DELETE FROM GENERATEDKEY_TEST WHERE TEST_KEY=1433
DELETE FROM GENERATEDKEY_TEST WHERE TEST_KEY=1434
DELETE FROM GENERATEDKEY_TEST WHERE TEST_KEY=1435
DELETE FROM GENERATEDKEY_TEST WHERE TEST_KEY=1436
DELETE FROM GENERATEDKEY_TEST WHERE TEST_KEY=1437
DELETE FROM GENERATEDKEY_TEST WHERE TEST_KEY=1438
DELETE FROM GENERATEDKEY_TEST WHERE TEST_KEY=1439
DELETE FROM GENERATEDKEY_TEST WHERE TEST_KEY=1440
DELETE FROM GENERATEDKEY_TEST WHERE TEST_KEY=1441
DELETE FROM GENERATEDKEY_TEST WHERE TEST_KEY=1442
DELETE FROM GENERATEDKEY_TEST WHERE TEST_KEY=1443
DELETE FROM GENERATEDKEY_TEST WHERE TEST_KEY=1444
DELETE FROM GENERATEDKEY_TEST WHERE TEST_KEY=1445
DELETE FROM GENERATEDKEY_TEST WHERE TEST_KEY=1446
DELETE FROM GENERATEDKEY_TEST WHERE TEST_KEY=1447
DELETE FROM GENERATEDKEY_TEST WHERE TEST_KEY=1448
DELETE FROM GENERATEDKEY_TEST WHERE TEST_KEY=1449
DELETE FROM GENERATEDKEY_TEST WHERE TEST_KEY=1450
DELETE FROM GENERATEDKEY_TEST WHERE TEST_KEY=1451
DELETE FROM GENERATEDKEY_TEST WHERE TEST_KEY=1452
DELETE FROM GENERATEDKEY_TEST WHERE TEST_KEY=1453
DELETE FROM GENERATEDKEY_TEST WHERE TEST_KEY=1454
DELETE FROM GENERATEDKEY_TEST WHERE TEST_KEY=1455
DELETE FROM GENERATEDKEY_TEST WHERE TEST_KEY=1456
DELETE FROM GENERATEDKEY_TEST WHERE TEST_KEY=1457
DELETE FROM GENERATEDKEY_TEST WHERE TEST_KEY=1458
DELETE FROM GENERATEDKEY_TEST WHERE TEST_KEY=1459
DELETE FROM GENERATEDKEY_TEST WHERE TEST_KEY=1460
DELETE FROM GENERATEDKEY_TEST WHERE TEST_KEY=1461
DELETE FROM GENERATEDKEY_TEST WHERE TEST_KEY=1462
DELETE FROM GENERATEDKEY_TEST WHERE TEST_KEY=1463
DELETE FROM GENERATEDKEY_TEST WHERE TEST_KEY=1464
DELETE FROM GENERATEDKEY_TEST WHERE TEST_KEY=1465
DELETE FROM GENERATEDKEY_TEST WHERE TEST_KEY=1466
DELETE FROM GENERATEDKEY_TEST WHERE TEST_KEY=1467
DELETE FROM GENERATEDKEY_TEST WHERE TEST_KEY=1468
DELETE FROM GENERATEDKEY_TEST WHERE TEST_KEY=1469
DELETE FROM GENERATEDKEY_TEST WHERE TEST_KEY=1470
DELETE FROM GENERATEDKEY_TEST WHERE TEST_KEY=1471
DELETE FROM GENERATEDKEY_TEST WHERE TEST_KEY=1472
DELETE FROM GENERATEDKEY_TEST WHERE TEST_KEY=1473
DELETE FROM GENERATEDKEY_TEST WHERE TEST_KEY=1474
DELETE FROM GENERATEDKEY_TEST WHERE TEST_KEY=1475
DELETE FROM GENERATEDKEY_TEST WHERE TEST_KEY=1476
DELETE FROM GENERATEDKEY_TEST WHERE TEST_KEY=1477
DELETE FROM GENERATEDKEY_TEST WHERE TEST_KEY=1478
DELETE FROM GENERATEDKEY_TEST WHERE TEST_KEY=1479
DELETE FROM GENERATEDKEY_TEST WHERE TEST_KEY=1480
DELETE FROM GENERATEDKEY_TEST WHERE TEST_KEY=1481
DELETE FROM GENERATEDKEY_TEST WHERE TEST_KEY=1482
DELETE FROM GENERATEDKEY_TEST WHERE TEST_KEY=1483
DELETE FROM GENERATEDKEY_TEST WHERE TEST_KEY=1484
DELETE FROM GENERATEDKEY_TEST WHERE TEST_KEY=1485
DELETE FROM GENERATEDKEY_TEST WHERE TEST_KEY=1486
DELETE FROM GENERATEDKEY_TEST WHERE TEST_KEY=1487
DELETE FROM GENERATEDKEY_TEST WHERE TEST_KEY=1488
DELETE FROM GENERATEDKEY_TEST WHERE TEST_KEY=1489
DELETE FROM GENERATEDKEY_TEST WHERE TEST_KEY=1490
DELETE FROM GENERATEDKEY_TEST WHERE TEST_KEY=1491
DELETE FROM GENERATEDKEY_TEST WHERE TEST_KEY=1492
DELETE FROM GENERATEDKEY_TEST WHERE TEST_KEY=1493
DELETE FROM GENERATEDKEY_TEST WHERE TEST_KEY=1494
DELETE FROM GENERATEDKEY_TEST WHERE TEST_KEY=1495
DELETE FROM GENERATEDKEY_TEST WHERE TEST_KEY=1496
DELETE FROM GENERATEDKEY_TEST WHERE TEST_KEY=1497
DELETE FROM GENERATEDKEY_TEST WHERE TEST_KEY=1498
DELETE FROM GENERATEDKEY_TEST WHERE TEST_KEY=1499
DELETE FROM GENERATEDKEY_TEST WHERE TEST_KEY=1500
DELETE FROM GENERATEDKEY_TEST WHERE TEST_KEY=1501
DELETE FROM GENERATEDKEY_TEST WHERE TEST_KEY=1502
DELETE FROM GENERATEDKEY_TEST WHERE TEST_KEY=1503
DELETE FROM GENERATEDKEY_TEST WHERE TEST_KEY=1504
DELETE FROM GENERATEDKEY_TEST WHERE TEST_KEY=1505
DELETE FROM GENERATEDKEY_TEST WHERE TEST_KEY=1506
DELETE FROM GENERATEDKEY_TEST WHERE TEST_KEY=1507
DELETE FROM GENERATEDKEY_TEST WHERE TEST_KEY=1508
DELETE FROM GENERATEDKEY_TEST WHERE TEST_KEY=1509
DELETE FROM GENERATEDKEY_TEST WHERE TEST_KEY=1510
DELETE FROM GENERATEDKEY_TEST WHERE TEST_KEY=1511
DELETE FROM GENERATEDKEY_TEST WHERE TEST_KEY=1512
DELETE FROM GENERATEDKEY_TEST WHERE TEST_KEY=1513
DELETE FROM GENERATEDKEY_TEST WHERE TEST_KEY=1514
DELETE FROM GENERATEDKEY_TEST WHERE TEST_KEY=1515
DELETE FROM GENERATEDKEY_TEST WHERE TEST_KEY=1516
DELETE FROM GENERATEDKEY_TEST WHERE TEST_KEY=1517
DELETE FROM GENERATEDKEY_TEST WHERE TEST_KEY=1518
DELETE FROM GENERATEDKEY_TEST WHERE TEST_KEY=1519
DELETE FROM GENERATEDKEY_TEST WHERE TEST_KEY=1520
DELETE FROM GENERATEDKEY_TEST WHERE TEST_KEY=1521
DELETE FROM GENERATEDKEY_TEST WHERE TEST_KEY=1522
DELETE FROM GENERATEDKEY_TEST WHERE TEST_KEY=1523
DELETE FROM GENERATEDKEY_TEST WHERE TEST_KEY=1524
DELETE FROM GENERATEDKEY_TEST WHERE TEST_KEY=1525
DELETE FROM GENERATEDKEY_TEST WHERE TEST_KEY=1526
DELETE FROM GENERATEDKEY_TEST WHERE TEST_KEY=1527
DELETE FROM GENERATEDKEY_TEST WHERE TEST_KEY=1528
DELETE FROM GENERATEDKEY_TEST WHERE TEST_KEY=1529
DELETE FROM GENERATEDKEY_TEST WHERE TEST_KEY=1530
DELETE FROM GENERATEDKEY_TEST WHERE TEST_KEY=1531
DELETE FROM GENERATEDKEY_TEST WHERE TEST_KEY=1532
DELETE FROM GENERATEDKEY_TEST WHERE TEST_KEY=1533
DELETE FROM GENERATEDKEY_TEST WHERE TEST_KEY=1534
DELETE FROM GENERATEDKEY_TEST WHERE TEST_KEY=1535
DELETE FROM GENERATEDKEY_TEST WHERE TEST_KEY=1536
DELETE FROM GENERATEDKEY_TEST WHERE TEST_KEY=1537
DELETE FROM GENERATEDKEY_TEST WHERE TEST_KEY=1538
DELETE FROM GENERATEDKEY_TEST WHERE TEST_KEY=1539
DELETE FROM GENERATEDKEY_TEST WHERE TEST_KEY=1540
DELETE FROM GENERATEDKEY_TEST WHERE TEST_KEY=1541
DELETE FROM GENERATEDKEY_TEST WHERE TEST_KEY=1542
DELETE FROM GENERATEDKEY_TEST WHERE TEST_KEY=1543
DELETE FROM GENERATEDKEY_TEST WHERE TEST_KEY=1544
DELETE FROM GENERATEDKEY_TEST WHERE TEST_KEY=1545
DELETE FROM GENERATEDKEY_TEST WHERE TEST_KEY=1546
DELETE FROM GENERATEDKEY_TEST WHERE TEST_KEY=1547
DELETE FROM GENERATEDKEY_TEST WHERE TEST_KEY=1548
DELETE FROM GENERATEDKEY_TEST WHERE TEST_KEY=1549
DELETE FROM GENERATEDKEY_TEST WHERE TEST_KEY=1550
DELETE FROM GENERATEDKEY_TEST WHERE TEST_KEY=1551
DELETE FROM GENERATEDKEY_TEST WHERE TEST_KEY=1552
DELETE FROM GENERATEDKEY_TEST WHERE TEST_KEY=1553
DELETE FROM GENERATEDKEY_TEST WHERE TEST_KEY=1554
DELETE FROM GENERATEDKEY_TEST WHERE TEST_KEY=1555
DELETE FROM GENERATEDKEY_TEST WHERE TEST_KEY=1556
DELETE FROM GENERATEDKEY_TEST WHERE TEST_KEY=1557
DELETE FROM GENERATEDKEY_TEST WHERE TEST_KEY=1558
DELETE FROM GENERATEDKEY_TEST WHERE TEST_KEY=1559
DELETE FROM GENERATEDKEY_TEST WHERE TEST_KEY=1560
DELETE FROM GENERATEDKEY_TEST WHERE TEST_KEY=1561
DELETE FROM GENERATEDKEY_TEST WHERE TEST_KEY=1562
DELETE FROM GENERATEDKEY_TEST WHERE TEST_KEY=1563
DELETE FROM GENERATEDKEY_TEST WHERE TEST_KEY=1564
DELETE FROM GENERATEDKEY_TEST WHERE TEST_KEY=1565
DELETE FROM GENERATEDKEY_TEST WHERE TEST_KEY=1566
DELETE FROM GENERATEDKEY_TEST WHERE TEST_KEY=1567
DELETE FROM GENERATEDKEY_TEST WHERE TEST_KEY=1568
DELETE FROM GENERATEDKEY_TEST WHERE TEST_KEY=1569
DELETE FROM GENERATEDKEY_TEST WHERE TEST_KEY=1570
DELETE FROM GENERATEDKEY_TEST WHERE TEST_KEY=1571
DELETE FROM GENERATEDKEY_TEST WHERE TEST_KEY=1572
DELETE FROM GENERATEDKEY_TEST WHERE TEST_KEY=1573
DELETE FROM GENERATEDKEY_TEST WHERE TEST_KEY=1574
DELETE FROM GENERATEDKEY_TEST WHERE TEST_KEY=1575
DELETE FROM GENERATEDKEY_TEST WHERE TEST_KEY=1576
DELETE FROM GENERATEDKEY_TEST WHERE TEST_KEY=1577
DELETE FROM GENERATEDKEY_TEST WHERE TEST_KEY=1578
DELETE FROM GENERATEDKEY_TEST WHERE TEST_KEY=1579
DELETE FROM GENERATEDKEY_TEST WHERE TEST_KEY=1580
DELETE FROM GENERATEDKEY_TEST WHERE TEST_KEY=1581
DELETE FROM GENERATEDKEY_TEST WHERE TEST_KEY=1582
DELETE FROM GENERATEDKEY_TEST WHERE TEST_KEY=1583
DELETE FROM GENERATEDKEY_TEST WHERE TEST_KEY=1584
DELETE FROM GENERATEDKEY_TEST WHERE TEST_KEY=1585
DELETE FROM GENERATEDKEY_TEST WHERE TEST_KEY=1586
DELETE FROM GENERATEDKEY_TEST WHERE TEST_KEY=1587
DELETE FROM GENERATEDKEY_TEST WHERE TEST_KEY=1588
DELETE FROM GENERATEDKEY_TEST WHERE TEST_KEY=1589
DELETE FROM GENERATEDKEY_TEST WHERE TEST_KEY=1590
DELETE FROM GENERATEDKEY_TEST WHERE TEST_KEY=1591
DELETE FROM GENERATEDKEY_TEST WHERE TEST_KEY=1592
DELETE FROM GENERATEDKEY_TEST WHERE TEST_KEY=1593
DELETE FROM GENERATEDKEY_TEST WHERE TEST_KEY=1594
DELETE FROM GENERATEDKEY_TEST WHERE TEST_KEY=1595
DELETE FROM GENERATEDKEY_TEST WHERE TEST_KEY=1596
DELETE FROM GENERATEDKEY_TEST WHERE TEST_KEY=1597
DELETE FROM GENERATEDKEY_TEST WHERE TEST_KEY=1598
DELETE FROM GENERATEDKEY_TEST WHERE TEST_KEY=1599
DELETE FROM GENERATEDKEY_TEST WHERE TEST_KEY=1600
COMMIT
SET AUTOCOMMIT TRUE
SET AUTOCOMMIT FALSE
INSERT INTO GROUP_BASE_TEST VALUES(1,1)
INSERT INTO GROUP_BASE_TEST VALUES(2,2)
INSERT INTO GROUP_CHILD_TEST VALUES(1,1,1)
INSERT INTO GROUP_CHILD_TEST VALUES(2,1,2)
INSERT INTO GROUP_CHILD_TEST VALUES(3,2,3)
COMMIT
DELETE FROM GROUP_CHILD_TEST WHERE TEST_CHILD_ID=1
DELETE FROM GROUP_CHILD_TEST WHERE TEST_CHILD_ID=2
DELETE FROM GROUP_CHILD_TEST WHERE TEST_CHILD_ID=3
DELETE FROM GROUP_BASE_TEST WHERE TEST_BASE_ID=1
DELETE FROM GROUP_BASE_TEST WHERE TEST_BASE_ID=2
COMMIT
SET AUTOCOMMIT TRUE
SET AUTOCOMMIT FALSE
INSERT INTO GROUP_BASE_TEST VALUES(1,1)
INSERT INTO GROUP_CHILD_TEST VALUES(1,1,1)
COMMIT
DELETE FROM GROUP_CHILD_TEST WHERE TEST_CHILD_ID=1
DELETE FROM GROUP_BASE_TEST WHERE TEST_BASE_ID=1
COMMIT
SET AUTOCOMMIT TRUE
SET AUTOCOMMIT FALSE
INSERT INTO QUERY_TEST VALUES(1,11)
